{"context":"none","level":"error","message":"Network error","operation":"getOrganizations","service":"dlwait","stack":"Error: Network error\n    at Object.<anonymous> (C:\\Programming\\DLWait\\__tests__\\workos-error-handling.test.ts:49:9)\n    at Promise.finally.completed (C:\\Programming\\DLWait\\node_modules\\jest-circus\\build\\jestAdapterInit.js:1557:28)\n    at new Promise (<anonymous>)\n    at callAsyncCircusFn (C:\\Programming\\DLWait\\node_modules\\jest-circus\\build\\jestAdapterInit.js:1497:10)\n    at _callCircusTest (C:\\Programming\\DLWait\\node_modules\\jest-circus\\build\\jestAdapterInit.js:1007:40)\n    at processTicksAndRejections (node:internal/process/task_queues:105:5)\n    at _runTest (C:\\Programming\\DLWait\\node_modules\\jest-circus\\build\\jestAdapterInit.js:947:3)\n    at C:\\Programming\\DLWait\\node_modules\\jest-circus\\build\\jestAdapterInit.js:849:7\n    at _runTestsForDescribeBlock (C:\\Programming\\DLWait\\node_modules\\jest-circus\\build\\jestAdapterInit.js:862:11)\n    at _runTestsForDescribeBlock (C:\\Programming\\DLWait\\node_modules\\jest-circus\\build\\jestAdapterInit.js:857:11)\n    at _runTestsForDescribeBlock (C:\\Programming\\DLWait\\node_modules\\jest-circus\\build\\jestAdapterInit.js:857:11)\n    at run (C:\\Programming\\DLWait\\node_modules\\jest-circus\\build\\jestAdapterInit.js:761:3)\n    at runAndTransformResultsToJestFormat (C:\\Programming\\DLWait\\node_modules\\jest-circus\\build\\jestAdapterInit.js:1918:21)\n    at jestAdapter (C:\\Programming\\DLWait\\node_modules\\jest-circus\\build\\runner.js:101:19)\n    at runTestInternal (C:\\Programming\\DLWait\\node_modules\\jest-runner\\build\\index.js:275:16)\n    at runTest (C:\\Programming\\DLWait\\node_modules\\jest-runner\\build\\index.js:343:7)","timestamp":"2025-10-31 11:49:00"}
{"context":"none","errorCode":"not_found","level":"error","message":"Not found","operation":"getOrganizations","service":"dlwait","stack":"Error: Not found\n    at Object.<anonymous> (C:\\Programming\\DLWait\\__tests__\\workos-error-handling.test.ts:61:26)\n    at Promise.finally.completed (C:\\Programming\\DLWait\\node_modules\\jest-circus\\build\\jestAdapterInit.js:1557:28)\n    at new Promise (<anonymous>)\n    at callAsyncCircusFn (C:\\Programming\\DLWait\\node_modules\\jest-circus\\build\\jestAdapterInit.js:1497:10)\n    at _callCircusTest (C:\\Programming\\DLWait\\node_modules\\jest-circus\\build\\jestAdapterInit.js:1007:40)\n    at processTicksAndRejections (node:internal/process/task_queues:105:5)\n    at _runTest (C:\\Programming\\DLWait\\node_modules\\jest-circus\\build\\jestAdapterInit.js:947:3)\n    at C:\\Programming\\DLWait\\node_modules\\jest-circus\\build\\jestAdapterInit.js:849:7\n    at _runTestsForDescribeBlock (C:\\Programming\\DLWait\\node_modules\\jest-circus\\build\\jestAdapterInit.js:862:11)\n    at _runTestsForDescribeBlock (C:\\Programming\\DLWait\\node_modules\\jest-circus\\build\\jestAdapterInit.js:857:11)\n    at _runTestsForDescribeBlock (C:\\Programming\\DLWait\\node_modules\\jest-circus\\build\\jestAdapterInit.js:857:11)\n    at run (C:\\Programming\\DLWait\\node_modules\\jest-circus\\build\\jestAdapterInit.js:761:3)\n    at runAndTransformResultsToJestFormat (C:\\Programming\\DLWait\\node_modules\\jest-circus\\build\\jestAdapterInit.js:1918:21)\n    at jestAdapter (C:\\Programming\\DLWait\\node_modules\\jest-circus\\build\\runner.js:101:19)\n    at runTestInternal (C:\\Programming\\DLWait\\node_modules\\jest-runner\\build\\index.js:275:16)\n    at runTest (C:\\Programming\\DLWait\\node_modules\\jest-runner\\build\\index.js:343:7)","timestamp":"2025-10-31 11:49:00"}
{"context":"none","errorCode":"rate_limit_exceeded","level":"error","message":"Rate limit exceeded","operation":"getOrganizations","service":"dlwait","stack":"Error: Rate limit exceeded\n    at Object.<anonymous> (C:\\Programming\\DLWait\\__tests__\\workos-error-handling.test.ts:74:26)\n    at Promise.finally.completed (C:\\Programming\\DLWait\\node_modules\\jest-circus\\build\\jestAdapterInit.js:1557:28)\n    at new Promise (<anonymous>)\n    at callAsyncCircusFn (C:\\Programming\\DLWait\\node_modules\\jest-circus\\build\\jestAdapterInit.js:1497:10)\n    at _callCircusTest (C:\\Programming\\DLWait\\node_modules\\jest-circus\\build\\jestAdapterInit.js:1007:40)\n    at processTicksAndRejections (node:internal/process/task_queues:105:5)\n    at _runTest (C:\\Programming\\DLWait\\node_modules\\jest-circus\\build\\jestAdapterInit.js:947:3)\n    at C:\\Programming\\DLWait\\node_modules\\jest-circus\\build\\jestAdapterInit.js:849:7\n    at _runTestsForDescribeBlock (C:\\Programming\\DLWait\\node_modules\\jest-circus\\build\\jestAdapterInit.js:862:11)\n    at _runTestsForDescribeBlock (C:\\Programming\\DLWait\\node_modules\\jest-circus\\build\\jestAdapterInit.js:857:11)\n    at _runTestsForDescribeBlock (C:\\Programming\\DLWait\\node_modules\\jest-circus\\build\\jestAdapterInit.js:857:11)\n    at run (C:\\Programming\\DLWait\\node_modules\\jest-circus\\build\\jestAdapterInit.js:761:3)\n    at runAndTransformResultsToJestFormat (C:\\Programming\\DLWait\\node_modules\\jest-circus\\build\\jestAdapterInit.js:1918:21)\n    at jestAdapter (C:\\Programming\\DLWait\\node_modules\\jest-circus\\build\\runner.js:101:19)\n    at runTestInternal (C:\\Programming\\DLWait\\node_modules\\jest-runner\\build\\index.js:275:16)\n    at runTest (C:\\Programming\\DLWait\\node_modules\\jest-runner\\build\\index.js:343:7)","statusCode":429,"timestamp":"2025-10-31 11:49:00"}
{"context":"organizationId=org_123","errorCode":"not_found","level":"error","message":"Organization not found","operation":"getOrganization","service":"dlwait","stack":"Error: Organization not found\n    at Object.<anonymous> (C:\\Programming\\DLWait\\__tests__\\workos-error-handling.test.ts:90:26)\n    at Promise.finally.completed (C:\\Programming\\DLWait\\node_modules\\jest-circus\\build\\jestAdapterInit.js:1557:28)\n    at new Promise (<anonymous>)\n    at callAsyncCircusFn (C:\\Programming\\DLWait\\node_modules\\jest-circus\\build\\jestAdapterInit.js:1497:10)\n    at _callCircusTest (C:\\Programming\\DLWait\\node_modules\\jest-circus\\build\\jestAdapterInit.js:1007:40)\n    at processTicksAndRejections (node:internal/process/task_queues:105:5)\n    at _runTest (C:\\Programming\\DLWait\\node_modules\\jest-circus\\build\\jestAdapterInit.js:947:3)\n    at C:\\Programming\\DLWait\\node_modules\\jest-circus\\build\\jestAdapterInit.js:849:7\n    at _runTestsForDescribeBlock (C:\\Programming\\DLWait\\node_modules\\jest-circus\\build\\jestAdapterInit.js:862:11)\n    at _runTestsForDescribeBlock (C:\\Programming\\DLWait\\node_modules\\jest-circus\\build\\jestAdapterInit.js:857:11)\n    at _runTestsForDescribeBlock (C:\\Programming\\DLWait\\node_modules\\jest-circus\\build\\jestAdapterInit.js:857:11)\n    at run (C:\\Programming\\DLWait\\node_modules\\jest-circus\\build\\jestAdapterInit.js:761:3)\n    at runAndTransformResultsToJestFormat (C:\\Programming\\DLWait\\node_modules\\jest-circus\\build\\jestAdapterInit.js:1918:21)\n    at jestAdapter (C:\\Programming\\DLWait\\node_modules\\jest-circus\\build\\runner.js:101:19)\n    at runTestInternal (C:\\Programming\\DLWait\\node_modules\\jest-runner\\build\\index.js:275:16)\n    at runTest (C:\\Programming\\DLWait\\node_modules\\jest-runner\\build\\index.js:343:7)","statusCode":404,"timestamp":"2025-10-31 11:49:00"}
{"context":"organizationId=org_456","level":"error","message":"Service unavailable","operation":"getOrganization","service":"dlwait","stack":"Error: Service unavailable\n    at Object.<anonymous> (C:\\Programming\\DLWait\\__tests__\\workos-error-handling.test.ts:105:9)\n    at Promise.finally.completed (C:\\Programming\\DLWait\\node_modules\\jest-circus\\build\\jestAdapterInit.js:1557:28)\n    at new Promise (<anonymous>)\n    at callAsyncCircusFn (C:\\Programming\\DLWait\\node_modules\\jest-circus\\build\\jestAdapterInit.js:1497:10)\n    at _callCircusTest (C:\\Programming\\DLWait\\node_modules\\jest-circus\\build\\jestAdapterInit.js:1007:40)\n    at processTicksAndRejections (node:internal/process/task_queues:105:5)\n    at _runTest (C:\\Programming\\DLWait\\node_modules\\jest-circus\\build\\jestAdapterInit.js:947:3)\n    at C:\\Programming\\DLWait\\node_modules\\jest-circus\\build\\jestAdapterInit.js:849:7\n    at _runTestsForDescribeBlock (C:\\Programming\\DLWait\\node_modules\\jest-circus\\build\\jestAdapterInit.js:862:11)\n    at _runTestsForDescribeBlock (C:\\Programming\\DLWait\\node_modules\\jest-circus\\build\\jestAdapterInit.js:857:11)\n    at _runTestsForDescribeBlock (C:\\Programming\\DLWait\\node_modules\\jest-circus\\build\\jestAdapterInit.js:857:11)\n    at run (C:\\Programming\\DLWait\\node_modules\\jest-circus\\build\\jestAdapterInit.js:761:3)\n    at runAndTransformResultsToJestFormat (C:\\Programming\\DLWait\\node_modules\\jest-circus\\build\\jestAdapterInit.js:1918:21)\n    at jestAdapter (C:\\Programming\\DLWait\\node_modules\\jest-circus\\build\\runner.js:101:19)\n    at runTestInternal (C:\\Programming\\DLWait\\node_modules\\jest-runner\\build\\index.js:275:16)\n    at runTest (C:\\Programming\\DLWait\\node_modules\\jest-runner\\build\\index.js:343:7)","timestamp":"2025-10-31 11:49:00"}
{"context":"userId=user_123, organizationId=org_123","errorCode":"invalid_request","level":"error","message":"User already in organization","operation":"addUserToOrganization","service":"dlwait","stack":"Error: User already in organization\n    at Object.<anonymous> (C:\\Programming\\DLWait\\__tests__\\workos-error-handling.test.ts:120:26)\n    at Promise.finally.completed (C:\\Programming\\DLWait\\node_modules\\jest-circus\\build\\jestAdapterInit.js:1557:28)\n    at new Promise (<anonymous>)\n    at callAsyncCircusFn (C:\\Programming\\DLWait\\node_modules\\jest-circus\\build\\jestAdapterInit.js:1497:10)\n    at _callCircusTest (C:\\Programming\\DLWait\\node_modules\\jest-circus\\build\\jestAdapterInit.js:1007:40)\n    at processTicksAndRejections (node:internal/process/task_queues:105:5)\n    at _runTest (C:\\Programming\\DLWait\\node_modules\\jest-circus\\build\\jestAdapterInit.js:947:3)\n    at C:\\Programming\\DLWait\\node_modules\\jest-circus\\build\\jestAdapterInit.js:849:7\n    at _runTestsForDescribeBlock (C:\\Programming\\DLWait\\node_modules\\jest-circus\\build\\jestAdapterInit.js:862:11)\n    at _runTestsForDescribeBlock (C:\\Programming\\DLWait\\node_modules\\jest-circus\\build\\jestAdapterInit.js:857:11)\n    at _runTestsForDescribeBlock (C:\\Programming\\DLWait\\node_modules\\jest-circus\\build\\jestAdapterInit.js:857:11)\n    at run (C:\\Programming\\DLWait\\node_modules\\jest-circus\\build\\jestAdapterInit.js:761:3)\n    at runAndTransformResultsToJestFormat (C:\\Programming\\DLWait\\node_modules\\jest-circus\\build\\jestAdapterInit.js:1918:21)\n    at jestAdapter (C:\\Programming\\DLWait\\node_modules\\jest-circus\\build\\runner.js:101:19)\n    at runTestInternal (C:\\Programming\\DLWait\\node_modules\\jest-runner\\build\\index.js:275:16)\n    at runTest (C:\\Programming\\DLWait\\node_modules\\jest-runner\\build\\index.js:343:7)","timestamp":"2025-10-31 11:49:00"}
{"context":"userId=user_123, organizationId=org_123","errorCode":"unauthorized","level":"error","message":"Unauthorized","operation":"addUserToOrganization","service":"dlwait","stack":"Error: Unauthorized\n    at Object.<anonymous> (C:\\Programming\\DLWait\\__tests__\\workos-error-handling.test.ts:146:26)\n    at Promise.finally.completed (C:\\Programming\\DLWait\\node_modules\\jest-circus\\build\\jestAdapterInit.js:1557:28)\n    at new Promise (<anonymous>)\n    at callAsyncCircusFn (C:\\Programming\\DLWait\\node_modules\\jest-circus\\build\\jestAdapterInit.js:1497:10)\n    at _callCircusTest (C:\\Programming\\DLWait\\node_modules\\jest-circus\\build\\jestAdapterInit.js:1007:40)\n    at processTicksAndRejections (node:internal/process/task_queues:105:5)\n    at _runTest (C:\\Programming\\DLWait\\node_modules\\jest-circus\\build\\jestAdapterInit.js:947:3)\n    at C:\\Programming\\DLWait\\node_modules\\jest-circus\\build\\jestAdapterInit.js:849:7\n    at _runTestsForDescribeBlock (C:\\Programming\\DLWait\\node_modules\\jest-circus\\build\\jestAdapterInit.js:862:11)\n    at _runTestsForDescribeBlock (C:\\Programming\\DLWait\\node_modules\\jest-circus\\build\\jestAdapterInit.js:857:11)\n    at _runTestsForDescribeBlock (C:\\Programming\\DLWait\\node_modules\\jest-circus\\build\\jestAdapterInit.js:857:11)\n    at run (C:\\Programming\\DLWait\\node_modules\\jest-circus\\build\\jestAdapterInit.js:761:3)\n    at runAndTransformResultsToJestFormat (C:\\Programming\\DLWait\\node_modules\\jest-circus\\build\\jestAdapterInit.js:1918:21)\n    at jestAdapter (C:\\Programming\\DLWait\\node_modules\\jest-circus\\build\\runner.js:101:19)\n    at runTestInternal (C:\\Programming\\DLWait\\node_modules\\jest-runner\\build\\index.js:275:16)\n    at runTest (C:\\Programming\\DLWait\\node_modules\\jest-runner\\build\\index.js:343:7)","statusCode":401,"timestamp":"2025-10-31 11:49:00"}
{"context":"userId=user_123, organizationId=org_123","level":"error","message":"User is not a member of this organization","operation":"removeUserFromOrganization - membership not found","service":"dlwait","stack":"Error: User is not a member of this organization\n    at removeUserFromOrganization (C:\\Programming\\DLWait\\lib\\workos\\organizations.ts:483:75)\n    at processTicksAndRejections (node:internal/process/task_queues:105:5)\n    at Object.<anonymous> (C:\\Programming\\DLWait\\__tests__\\workos-error-handling.test.ts:164:22)","timestamp":"2025-10-31 11:49:00"}
{"context":"userId=user_123, organizationId=org_123","level":"error","message":"Failed to delete","operation":"removeUserFromOrganization","service":"dlwait","stack":"Error: Failed to delete\n    at Object.<anonymous> (C:\\Programming\\DLWait\\__tests__\\workos-error-handling.test.ts:177:26)\n    at Promise.finally.completed (C:\\Programming\\DLWait\\node_modules\\jest-circus\\build\\jestAdapterInit.js:1557:28)\n    at new Promise (<anonymous>)\n    at callAsyncCircusFn (C:\\Programming\\DLWait\\node_modules\\jest-circus\\build\\jestAdapterInit.js:1497:10)\n    at _callCircusTest (C:\\Programming\\DLWait\\node_modules\\jest-circus\\build\\jestAdapterInit.js:1007:40)\n    at processTicksAndRejections (node:internal/process/task_queues:105:5)\n    at _runTest (C:\\Programming\\DLWait\\node_modules\\jest-circus\\build\\jestAdapterInit.js:947:3)\n    at C:\\Programming\\DLWait\\node_modules\\jest-circus\\build\\jestAdapterInit.js:849:7\n    at _runTestsForDescribeBlock (C:\\Programming\\DLWait\\node_modules\\jest-circus\\build\\jestAdapterInit.js:862:11)\n    at _runTestsForDescribeBlock (C:\\Programming\\DLWait\\node_modules\\jest-circus\\build\\jestAdapterInit.js:857:11)\n    at _runTestsForDescribeBlock (C:\\Programming\\DLWait\\node_modules\\jest-circus\\build\\jestAdapterInit.js:857:11)\n    at run (C:\\Programming\\DLWait\\node_modules\\jest-circus\\build\\jestAdapterInit.js:761:3)\n    at runAndTransformResultsToJestFormat (C:\\Programming\\DLWait\\node_modules\\jest-circus\\build\\jestAdapterInit.js:1918:21)\n    at jestAdapter (C:\\Programming\\DLWait\\node_modules\\jest-circus\\build\\runner.js:101:19)\n    at runTestInternal (C:\\Programming\\DLWait\\node_modules\\jest-runner\\build\\index.js:275:16)\n    at runTest (C:\\Programming\\DLWait\\node_modules\\jest-runner\\build\\index.js:343:7)","statusCode":500,"timestamp":"2025-10-31 11:49:00"}
{"level":"info","message":"[updateUserRoleInOrganization] Updating role for user user_123 in org org_123 to \"admin\"","service":"dlwait","timestamp":"2025-10-31 11:49:00"}
{"level":"warn","message":"[updateUserRoleInOrganization] User is not a member of organization org_123","service":"dlwait","timestamp":"2025-10-31 11:49:00"}
{"level":"info","message":"[updateUserRoleInOrganization] Updating role for user user_123 in org org_123 to \"admin\"","service":"dlwait","timestamp":"2025-10-31 11:49:00"}
{"context":"userId=user_123, organizationId=org_123, newRole=admin","errorCode":"invalid_request","level":"error","message":"Invalid role","operation":"updateUserRoleInOrganization","service":"dlwait","stack":"Error: Invalid role\n    at Object.<anonymous> (C:\\Programming\\DLWait\\__tests__\\workos-error-handling.test.ts:222:26)\n    at Promise.finally.completed (C:\\Programming\\DLWait\\node_modules\\jest-circus\\build\\jestAdapterInit.js:1557:28)\n    at new Promise (<anonymous>)\n    at callAsyncCircusFn (C:\\Programming\\DLWait\\node_modules\\jest-circus\\build\\jestAdapterInit.js:1497:10)\n    at _callCircusTest (C:\\Programming\\DLWait\\node_modules\\jest-circus\\build\\jestAdapterInit.js:1007:40)\n    at processTicksAndRejections (node:internal/process/task_queues:105:5)\n    at _runTest (C:\\Programming\\DLWait\\node_modules\\jest-circus\\build\\jestAdapterInit.js:947:3)\n    at C:\\Programming\\DLWait\\node_modules\\jest-circus\\build\\jestAdapterInit.js:849:7\n    at _runTestsForDescribeBlock (C:\\Programming\\DLWait\\node_modules\\jest-circus\\build\\jestAdapterInit.js:862:11)\n    at _runTestsForDescribeBlock (C:\\Programming\\DLWait\\node_modules\\jest-circus\\build\\jestAdapterInit.js:857:11)\n    at _runTestsForDescribeBlock (C:\\Programming\\DLWait\\node_modules\\jest-circus\\build\\jestAdapterInit.js:857:11)\n    at run (C:\\Programming\\DLWait\\node_modules\\jest-circus\\build\\jestAdapterInit.js:761:3)\n    at runAndTransformResultsToJestFormat (C:\\Programming\\DLWait\\node_modules\\jest-circus\\build\\jestAdapterInit.js:1918:21)\n    at jestAdapter (C:\\Programming\\DLWait\\node_modules\\jest-circus\\build\\runner.js:101:19)\n    at runTestInternal (C:\\Programming\\DLWait\\node_modules\\jest-runner\\build\\index.js:275:16)\n    at runTest (C:\\Programming\\DLWait\\node_modules\\jest-runner\\build\\index.js:343:7)","timestamp":"2025-10-31 11:49:00"}
{"level":"info","message":"[updateUserRoleInOrganization] Updating role for user user_123 in org org_123 to \"admin\"","service":"dlwait","timestamp":"2025-10-31 11:49:00"}
{"level":"info","message":"[updateUserRoleInOrganization] ✅ Successfully updated role to \"admin\"","service":"dlwait","timestamp":"2025-10-31 11:49:00"}
{"level":"debug","message":"[getUserGroupsFromWorkOS] Fetching memberships for userId: user_123","service":"dlwait","timestamp":"2025-10-31 11:49:00"}
{"level":"debug","message":"[getUserOrganizationMemberships] 🔄 Fetching memberships for userId: user_01K8WJG016RNBNKRBJMTGM9EKC","service":"dlwait","timestamp":"2025-10-31 11:49:59"}
{"level":"debug","message":"[getUserOrganizationMemberships] Found 1 raw memberships for user user_01K8WJG016RNBNKRBJMTGM9EKC","service":"dlwait","timestamp":"2025-10-31 11:49:59"}
{"level":"debug","message":"[getUserOrganizationMemberships] Enriching memberships with organization details...","service":"dlwait","timestamp":"2025-10-31 11:49:59"}
{"0":"CDLE (org_01K8WG3DSX12ES2Z703H7A3475)","level":"debug","message":"[getUserOrganizationMemberships] ✅ Returning 1 enriched memberships (cached):","service":"dlwait","timestamp":"2025-10-31 11:50:00"}
{"level":"debug","message":"[getUserOrganizationMemberships] 🔄 Fetching memberships for userId: user_01K8WJG016RNBNKRBJMTGM9EKC","service":"dlwait","timestamp":"2025-10-31 11:50:03"}
{"level":"debug","message":"[getUserOrganizationMemberships] Found 1 raw memberships for user user_01K8WJG016RNBNKRBJMTGM9EKC","service":"dlwait","timestamp":"2025-10-31 11:50:04"}
{"level":"debug","message":"[getUserOrganizationMemberships] Enriching memberships with organization details...","service":"dlwait","timestamp":"2025-10-31 11:50:04"}
{"0":"CDLE (org_01K8WG3DSX12ES2Z703H7A3475)","level":"debug","message":"[getUserOrganizationMemberships] ✅ Returning 1 enriched memberships (cached):","service":"dlwait","timestamp":"2025-10-31 11:50:04"}
{"level":"debug","message":"[getUserOrganizationMemberships] 🔄 Fetching memberships for userId: user_01K8WJG016RNBNKRBJMTGM9EKC","service":"dlwait","timestamp":"2025-10-31 11:50:05"}
{"level":"debug","message":"[getUserOrganizationMemberships] Found 1 raw memberships for user user_01K8WJG016RNBNKRBJMTGM9EKC","service":"dlwait","timestamp":"2025-10-31 11:50:05"}
{"level":"debug","message":"[getUserOrganizationMemberships] Enriching memberships with organization details...","service":"dlwait","timestamp":"2025-10-31 11:50:05"}
{"0":"CDLE (org_01K8WG3DSX12ES2Z703H7A3475)","level":"debug","message":"[getUserOrganizationMemberships] ✅ Returning 1 enriched memberships (cached):","service":"dlwait","timestamp":"2025-10-31 11:50:05"}
{"level":"debug","message":"[getUserOrganizationMemberships] 🔄 Fetching memberships for userId: user_01K8WJG016RNBNKRBJMTGM9EKC","service":"dlwait","timestamp":"2025-10-31 12:02:50"}
{"level":"debug","message":"[getUserOrganizationMemberships] Found 1 raw memberships for user user_01K8WJG016RNBNKRBJMTGM9EKC","service":"dlwait","timestamp":"2025-10-31 12:02:50"}
{"level":"debug","message":"[getUserOrganizationMemberships] Enriching memberships with organization details...","service":"dlwait","timestamp":"2025-10-31 12:02:50"}
{"level":"debug","message":"[isUserInAdminOrganization] Checking admin status for user user_01K8WJG016RNBNKRBJMTGM9EKC","service":"dlwait","timestamp":"2025-10-31 12:02:50"}
{"level":"debug","message":"[isUserInAdminOrganization] Looking for organization name: \"admin\" (case-insensitive)","service":"dlwait","timestamp":"2025-10-31 12:02:50"}
{"level":"debug","message":"[getUserOrganizationMemberships] 🔄 Fetching memberships for userId: user_01K8WJG016RNBNKRBJMTGM9EKC","service":"dlwait","timestamp":"2025-10-31 12:02:50"}
{"level":"debug","message":"[getUserOrganizationMemberships] Found 1 raw memberships for user user_01K8WJG016RNBNKRBJMTGM9EKC","service":"dlwait","timestamp":"2025-10-31 12:02:50"}
{"level":"debug","message":"[getUserOrganizationMemberships] Enriching memberships with organization details...","service":"dlwait","timestamp":"2025-10-31 12:02:50"}
{"0":"CDLE (org_01K8WG3DSX12ES2Z703H7A3475)","level":"debug","message":"[getUserOrganizationMemberships] ✅ Returning 1 enriched memberships (cached):","service":"dlwait","timestamp":"2025-10-31 12:02:51"}
{"0":"CDLE (role: admin)","level":"debug","message":"[isUserInAdminOrganization] Found 1 organization memberships:","service":"dlwait","timestamp":"2025-10-31 12:02:51"}
{"level":"debug","message":"[isUserInAdminOrganization] ✅ User has admin role/team in organization \"CDLE\"","service":"dlwait","timestamp":"2025-10-31 12:02:51"}
{"0":"CDLE (org_01K8WG3DSX12ES2Z703H7A3475)","level":"debug","message":"[getUserOrganizationMemberships] ✅ Returning 1 enriched memberships (cached):","service":"dlwait","timestamp":"2025-10-31 12:02:51"}
{"level":"debug","message":"[getUserOrganizationMemberships] ✅ Using cached memberships for userId: user_01K8WJG016RNBNKRBJMTGM9EKC (1 memberships)","service":"dlwait","timestamp":"2025-10-31 12:02:51"}
{"level":"debug","message":"[isUserInAdminOrganization] Checking admin status for user user_01K8WJG016RNBNKRBJMTGM9EKC","service":"dlwait","timestamp":"2025-10-31 14:08:35"}
{"level":"debug","message":"[isUserInAdminOrganization] Looking for organization name: \"admin\" (case-insensitive)","service":"dlwait","timestamp":"2025-10-31 14:08:35"}
{"level":"debug","message":"[getUserOrganizationMemberships] 🔄 Fetching memberships for userId: user_01K8WJG016RNBNKRBJMTGM9EKC","service":"dlwait","timestamp":"2025-10-31 14:08:35"}
{"level":"debug","message":"[getUserOrganizationMemberships] 🔄 Fetching memberships for userId: user_01K8WJG016RNBNKRBJMTGM9EKC","service":"dlwait","timestamp":"2025-10-31 14:08:35"}
{"level":"debug","message":"[getUserOrganizationMemberships] Found 1 raw memberships for user user_01K8WJG016RNBNKRBJMTGM9EKC","service":"dlwait","timestamp":"2025-10-31 14:08:36"}
{"level":"debug","message":"[getUserOrganizationMemberships] Enriching memberships with organization details...","service":"dlwait","timestamp":"2025-10-31 14:08:36"}
{"level":"debug","message":"[getUserOrganizationMemberships] Found 1 raw memberships for user user_01K8WJG016RNBNKRBJMTGM9EKC","service":"dlwait","timestamp":"2025-10-31 14:08:36"}
{"level":"debug","message":"[getUserOrganizationMemberships] Enriching memberships with organization details...","service":"dlwait","timestamp":"2025-10-31 14:08:36"}
{"0":"CDLE (org_01K8WG3DSX12ES2Z703H7A3475)","level":"debug","message":"[getUserOrganizationMemberships] ✅ Returning 1 enriched memberships (cached):","service":"dlwait","timestamp":"2025-10-31 14:08:36"}
{"0":"CDLE (org_01K8WG3DSX12ES2Z703H7A3475)","level":"debug","message":"[getUserOrganizationMemberships] ✅ Returning 1 enriched memberships (cached):","service":"dlwait","timestamp":"2025-10-31 14:08:36"}
{"0":"CDLE (role: admin)","level":"debug","message":"[isUserInAdminOrganization] Found 1 organization memberships:","service":"dlwait","timestamp":"2025-10-31 14:08:36"}
{"level":"debug","message":"[isUserInAdminOrganization] ✅ User has admin role/team in organization \"CDLE\"","service":"dlwait","timestamp":"2025-10-31 14:08:36"}
{"level":"debug","message":"[getUserOrganizationMemberships] 🔄 Fetching memberships for userId: user_01K8WJG016RNBNKRBJMTGM9EKC","service":"dlwait","timestamp":"2025-10-31 14:08:38"}
{"level":"debug","message":"[getUserOrganizationMemberships] Found 1 raw memberships for user user_01K8WJG016RNBNKRBJMTGM9EKC","service":"dlwait","timestamp":"2025-10-31 14:08:38"}
{"level":"debug","message":"[getUserOrganizationMemberships] Enriching memberships with organization details...","service":"dlwait","timestamp":"2025-10-31 14:08:38"}
{"0":"CDLE (org_01K8WG3DSX12ES2Z703H7A3475)","level":"debug","message":"[getUserOrganizationMemberships] ✅ Returning 1 enriched memberships (cached):","service":"dlwait","timestamp":"2025-10-31 14:08:39"}
{"level":"debug","message":"[isUserInAdminOrganization] Checking admin status for user user_01K8WJG016RNBNKRBJMTGM9EKC","service":"dlwait","timestamp":"2025-10-31 14:12:24"}
{"level":"debug","message":"[isUserInAdminOrganization] Looking for organization name: \"admin\" (case-insensitive)","service":"dlwait","timestamp":"2025-10-31 14:12:24"}
{"level":"debug","message":"[getUserOrganizationMemberships] 🔄 Fetching memberships for userId: user_01K8WJG016RNBNKRBJMTGM9EKC","service":"dlwait","timestamp":"2025-10-31 14:12:24"}
{"level":"debug","message":"[getUserOrganizationMemberships] Found 1 raw memberships for user user_01K8WJG016RNBNKRBJMTGM9EKC","service":"dlwait","timestamp":"2025-10-31 14:12:24"}
{"level":"debug","message":"[getUserOrganizationMemberships] Enriching memberships with organization details...","service":"dlwait","timestamp":"2025-10-31 14:12:24"}
{"0":"CDLE (org_01K8WG3DSX12ES2Z703H7A3475)","level":"debug","message":"[getUserOrganizationMemberships] ✅ Returning 1 enriched memberships (cached):","service":"dlwait","timestamp":"2025-10-31 14:12:25"}
{"0":"CDLE (role: admin)","level":"debug","message":"[isUserInAdminOrganization] Found 1 organization memberships:","service":"dlwait","timestamp":"2025-10-31 14:12:25"}
{"level":"debug","message":"[isUserInAdminOrganization] ✅ User has admin role/team in organization \"CDLE\"","service":"dlwait","timestamp":"2025-10-31 14:12:25"}
{"level":"debug","message":"[getUserOrganizationMemberships] 🔄 Fetching memberships for userId: user_01K8WJG016RNBNKRBJMTGM9EKC","service":"dlwait","timestamp":"2025-10-31 14:12:25"}
{"level":"debug","message":"[getUserOrganizationMemberships] Found 1 raw memberships for user user_01K8WJG016RNBNKRBJMTGM9EKC","service":"dlwait","timestamp":"2025-10-31 14:12:26"}
{"level":"debug","message":"[getUserOrganizationMemberships] Enriching memberships with organization details...","service":"dlwait","timestamp":"2025-10-31 14:12:26"}
{"0":"CDLE (org_01K8WG3DSX12ES2Z703H7A3475)","level":"debug","message":"[getUserOrganizationMemberships] ✅ Returning 1 enriched memberships (cached):","service":"dlwait","timestamp":"2025-10-31 14:12:26"}
{"level":"debug","message":"[getUserOrganizationMemberships] 🔄 Fetching memberships for userId: user_01K8WJG016RNBNKRBJMTGM9EKC","service":"dlwait","timestamp":"2025-10-31 14:12:27"}
{"level":"debug","message":"[getUserOrganizationMemberships] Found 1 raw memberships for user user_01K8WJG016RNBNKRBJMTGM9EKC","service":"dlwait","timestamp":"2025-10-31 14:12:27"}
{"level":"debug","message":"[getUserOrganizationMemberships] Enriching memberships with organization details...","service":"dlwait","timestamp":"2025-10-31 14:12:27"}
{"0":"CDLE (org_01K8WG3DSX12ES2Z703H7A3475)","level":"debug","message":"[getUserOrganizationMemberships] ✅ Returning 1 enriched memberships (cached):","service":"dlwait","timestamp":"2025-10-31 14:12:27"}
{"level":"debug","message":"[getUserOrganizationMemberships] 🔄 Fetching memberships for userId: user_01K8WJG016RNBNKRBJMTGM9EKC","service":"dlwait","timestamp":"2025-10-31 14:12:35"}
{"level":"debug","message":"[isUserInAdminOrganization] Checking admin status for user user_01K8WJG016RNBNKRBJMTGM9EKC","service":"dlwait","timestamp":"2025-10-31 14:12:35"}
{"level":"debug","message":"[isUserInAdminOrganization] Looking for organization name: \"admin\" (case-insensitive)","service":"dlwait","timestamp":"2025-10-31 14:12:35"}
{"level":"debug","message":"[getUserOrganizationMemberships] 🔄 Fetching memberships for userId: user_01K8WJG016RNBNKRBJMTGM9EKC","service":"dlwait","timestamp":"2025-10-31 14:12:35"}
{"level":"debug","message":"[getUserOrganizationMemberships] Found 1 raw memberships for user user_01K8WJG016RNBNKRBJMTGM9EKC","service":"dlwait","timestamp":"2025-10-31 14:12:35"}
{"level":"debug","message":"[getUserOrganizationMemberships] Enriching memberships with organization details...","service":"dlwait","timestamp":"2025-10-31 14:12:35"}
{"level":"debug","message":"[getUserOrganizationMemberships] Found 1 raw memberships for user user_01K8WJG016RNBNKRBJMTGM9EKC","service":"dlwait","timestamp":"2025-10-31 14:12:35"}
{"level":"debug","message":"[getUserOrganizationMemberships] Enriching memberships with organization details...","service":"dlwait","timestamp":"2025-10-31 14:12:35"}
{"0":"CDLE (org_01K8WG3DSX12ES2Z703H7A3475)","level":"debug","message":"[getUserOrganizationMemberships] ✅ Returning 1 enriched memberships (cached):","service":"dlwait","timestamp":"2025-10-31 14:12:35"}
{"0":"CDLE (role: admin)","level":"debug","message":"[isUserInAdminOrganization] Found 1 organization memberships:","service":"dlwait","timestamp":"2025-10-31 14:12:35"}
{"level":"debug","message":"[isUserInAdminOrganization] ✅ User has admin role/team in organization \"CDLE\"","service":"dlwait","timestamp":"2025-10-31 14:12:35"}
{"0":"CDLE (org_01K8WG3DSX12ES2Z703H7A3475)","level":"debug","message":"[getUserOrganizationMemberships] ✅ Returning 1 enriched memberships (cached):","service":"dlwait","timestamp":"2025-10-31 14:12:35"}
{"level":"debug","message":"[getUserOrganizationMemberships] ✅ Using cached memberships for userId: user_01K8WJG016RNBNKRBJMTGM9EKC (1 memberships)","service":"dlwait","timestamp":"2025-10-31 14:12:36"}
{"level":"debug","message":"[getUserOrganizationMemberships] 🔄 Fetching memberships for userId: user_01K8WJG016RNBNKRBJMTGM9EKC","service":"dlwait","timestamp":"2025-10-31 14:13:08"}
{"level":"debug","message":"[isUserInAdminOrganization] Checking admin status for user user_01K8WJG016RNBNKRBJMTGM9EKC","service":"dlwait","timestamp":"2025-10-31 14:13:09"}
{"level":"debug","message":"[isUserInAdminOrganization] Looking for organization name: \"admin\" (case-insensitive)","service":"dlwait","timestamp":"2025-10-31 14:13:09"}
{"level":"debug","message":"[getUserOrganizationMemberships] 🔄 Fetching memberships for userId: user_01K8WJG016RNBNKRBJMTGM9EKC","service":"dlwait","timestamp":"2025-10-31 14:13:09"}
{"level":"debug","message":"[getUserOrganizationMemberships] Found 1 raw memberships for user user_01K8WJG016RNBNKRBJMTGM9EKC","service":"dlwait","timestamp":"2025-10-31 14:13:09"}
{"level":"debug","message":"[getUserOrganizationMemberships] Enriching memberships with organization details...","service":"dlwait","timestamp":"2025-10-31 14:13:09"}
{"level":"debug","message":"[getUserOrganizationMemberships] Found 1 raw memberships for user user_01K8WJG016RNBNKRBJMTGM9EKC","service":"dlwait","timestamp":"2025-10-31 14:13:09"}
{"level":"debug","message":"[getUserOrganizationMemberships] Enriching memberships with organization details...","service":"dlwait","timestamp":"2025-10-31 14:13:09"}
{"0":"CDLE (org_01K8WG3DSX12ES2Z703H7A3475)","level":"debug","message":"[getUserOrganizationMemberships] ✅ Returning 1 enriched memberships (cached):","service":"dlwait","timestamp":"2025-10-31 14:13:09"}
{"0":"CDLE (role: admin)","level":"debug","message":"[isUserInAdminOrganization] Found 1 organization memberships:","service":"dlwait","timestamp":"2025-10-31 14:13:09"}
{"level":"debug","message":"[isUserInAdminOrganization] ✅ User has admin role/team in organization \"CDLE\"","service":"dlwait","timestamp":"2025-10-31 14:13:09"}
{"0":"CDLE (org_01K8WG3DSX12ES2Z703H7A3475)","level":"debug","message":"[getUserOrganizationMemberships] ✅ Returning 1 enriched memberships (cached):","service":"dlwait","timestamp":"2025-10-31 14:13:09"}
{"level":"debug","message":"[getUserOrganizationMemberships] ✅ Using cached memberships for userId: user_01K8WJG016RNBNKRBJMTGM9EKC (1 memberships)","service":"dlwait","timestamp":"2025-10-31 14:13:09"}
{"level":"debug","message":"[isAdmin] Checking WorkOS admin organization for user: user_01K8WJG016RNBNKRBJMTGM9EKC","service":"dlwait","timestamp":"2025-10-31 14:13:57"}
{"level":"debug","message":"[isUserInAdminOrganization] Checking admin status for user user_01K8WJG016RNBNKRBJMTGM9EKC","service":"dlwait","timestamp":"2025-10-31 14:13:57"}
{"level":"debug","message":"[isUserInAdminOrganization] Looking for organization name: \"admin\" (case-insensitive)","service":"dlwait","timestamp":"2025-10-31 14:13:57"}
{"level":"debug","message":"[getUserOrganizationMemberships] 🔄 Fetching memberships for userId: user_01K8WJG016RNBNKRBJMTGM9EKC","service":"dlwait","timestamp":"2025-10-31 14:13:57"}
{"level":"debug","message":"[getUserOrganizationMemberships] Found 1 raw memberships for user user_01K8WJG016RNBNKRBJMTGM9EKC","service":"dlwait","timestamp":"2025-10-31 14:13:58"}
{"level":"debug","message":"[getUserOrganizationMemberships] Enriching memberships with organization details...","service":"dlwait","timestamp":"2025-10-31 14:13:58"}
{"0":"CDLE (org_01K8WG3DSX12ES2Z703H7A3475)","level":"debug","message":"[getUserOrganizationMemberships] ✅ Returning 1 enriched memberships (cached):","service":"dlwait","timestamp":"2025-10-31 14:13:58"}
{"0":"CDLE (role: admin)","level":"debug","message":"[isUserInAdminOrganization] Found 1 organization memberships:","service":"dlwait","timestamp":"2025-10-31 14:13:58"}
{"level":"debug","message":"[isUserInAdminOrganization] ✅ User has admin role/team in organization \"CDLE\"","service":"dlwait","timestamp":"2025-10-31 14:13:58"}
{"level":"debug","message":"[isAdmin] ✅ User user_01K8WJG016RNBNKRBJMTGM9EKC is admin via WorkOS organization","service":"dlwait","timestamp":"2025-10-31 14:13:58"}
{"level":"debug","message":"[isAdmin] Checking WorkOS admin organization for user: user_01K8WJG016RNBNKRBJMTGM9EKC","service":"dlwait","timestamp":"2025-10-31 14:15:36"}
{"level":"debug","message":"[isUserInAdminOrganization] Checking admin status for user user_01K8WJG016RNBNKRBJMTGM9EKC","service":"dlwait","timestamp":"2025-10-31 14:15:36"}
{"level":"debug","message":"[isUserInAdminOrganization] Looking for organization name: \"admin\" (case-insensitive)","service":"dlwait","timestamp":"2025-10-31 14:15:36"}
{"level":"debug","message":"[getUserOrganizationMemberships] 🔄 Fetching memberships for userId: user_01K8WJG016RNBNKRBJMTGM9EKC","service":"dlwait","timestamp":"2025-10-31 14:15:36"}
{"level":"debug","message":"[getUserOrganizationMemberships] Found 1 raw memberships for user user_01K8WJG016RNBNKRBJMTGM9EKC","service":"dlwait","timestamp":"2025-10-31 14:15:36"}
{"level":"debug","message":"[getUserOrganizationMemberships] Enriching memberships with organization details...","service":"dlwait","timestamp":"2025-10-31 14:15:36"}
{"0":"CDLE (org_01K8WG3DSX12ES2Z703H7A3475)","level":"debug","message":"[getUserOrganizationMemberships] ✅ Returning 1 enriched memberships (cached):","service":"dlwait","timestamp":"2025-10-31 14:15:36"}
{"0":"CDLE (role: admin)","level":"debug","message":"[isUserInAdminOrganization] Found 1 organization memberships:","service":"dlwait","timestamp":"2025-10-31 14:15:36"}
{"level":"debug","message":"[isUserInAdminOrganization] ✅ User has admin role/team in organization \"CDLE\"","service":"dlwait","timestamp":"2025-10-31 14:15:36"}
{"level":"debug","message":"[isAdmin] ✅ User user_01K8WJG016RNBNKRBJMTGM9EKC is admin via WorkOS organization","service":"dlwait","timestamp":"2025-10-31 14:15:36"}
{"level":"debug","message":"[isAdmin] Checking WorkOS admin organization for user: user_01K8WJG016RNBNKRBJMTGM9EKC","service":"dlwait","timestamp":"2025-10-31 14:15:36"}
{"level":"debug","message":"[isUserInAdminOrganization] Checking admin status for user user_01K8WJG016RNBNKRBJMTGM9EKC","service":"dlwait","timestamp":"2025-10-31 14:15:36"}
{"level":"debug","message":"[isUserInAdminOrganization] Looking for organization name: \"admin\" (case-insensitive)","service":"dlwait","timestamp":"2025-10-31 14:15:36"}
{"level":"debug","message":"[getUserOrganizationMemberships] ✅ Using cached memberships for userId: user_01K8WJG016RNBNKRBJMTGM9EKC (1 memberships)","service":"dlwait","timestamp":"2025-10-31 14:15:36"}
{"0":"CDLE (role: admin)","level":"debug","message":"[isUserInAdminOrganization] Found 1 organization memberships:","service":"dlwait","timestamp":"2025-10-31 14:15:36"}
{"level":"debug","message":"[isUserInAdminOrganization] ✅ User has admin role/team in organization \"CDLE\"","service":"dlwait","timestamp":"2025-10-31 14:15:36"}
{"level":"debug","message":"[isAdmin] ✅ User user_01K8WJG016RNBNKRBJMTGM9EKC is admin via WorkOS organization","service":"dlwait","timestamp":"2025-10-31 14:15:36"}
{"level":"debug","message":"[getUserOrganizationMemberships] ✅ Using cached memberships for userId: user_01K8WJG016RNBNKRBJMTGM9EKC (1 memberships)","service":"dlwait","timestamp":"2025-10-31 14:15:37"}
{"level":"debug","message":"[isAdmin] Checking WorkOS admin organization for user: user_01K8WJG016RNBNKRBJMTGM9EKC","service":"dlwait","timestamp":"2025-10-31 14:15:38"}
{"level":"debug","message":"[isUserInAdminOrganization] Checking admin status for user user_01K8WJG016RNBNKRBJMTGM9EKC","service":"dlwait","timestamp":"2025-10-31 14:15:38"}
{"level":"debug","message":"[isUserInAdminOrganization] Looking for organization name: \"admin\" (case-insensitive)","service":"dlwait","timestamp":"2025-10-31 14:15:38"}
{"level":"debug","message":"[getUserOrganizationMemberships] ✅ Using cached memberships for userId: user_01K8WJG016RNBNKRBJMTGM9EKC (1 memberships)","service":"dlwait","timestamp":"2025-10-31 14:15:38"}
{"0":"CDLE (role: admin)","level":"debug","message":"[isUserInAdminOrganization] Found 1 organization memberships:","service":"dlwait","timestamp":"2025-10-31 14:15:38"}
{"level":"debug","message":"[isUserInAdminOrganization] ✅ User has admin role/team in organization \"CDLE\"","service":"dlwait","timestamp":"2025-10-31 14:15:38"}
{"level":"debug","message":"[isAdmin] ✅ User user_01K8WJG016RNBNKRBJMTGM9EKC is admin via WorkOS organization","service":"dlwait","timestamp":"2025-10-31 14:15:38"}
{"level":"debug","message":"[isAdmin] Checking WorkOS admin organization for user: user_01K8WJG016RNBNKRBJMTGM9EKC","service":"dlwait","timestamp":"2025-10-31 14:15:38"}
{"level":"debug","message":"[isUserInAdminOrganization] Checking admin status for user user_01K8WJG016RNBNKRBJMTGM9EKC","service":"dlwait","timestamp":"2025-10-31 14:15:38"}
{"level":"debug","message":"[isUserInAdminOrganization] Looking for organization name: \"admin\" (case-insensitive)","service":"dlwait","timestamp":"2025-10-31 14:15:38"}
{"level":"debug","message":"[getUserOrganizationMemberships] ✅ Using cached memberships for userId: user_01K8WJG016RNBNKRBJMTGM9EKC (1 memberships)","service":"dlwait","timestamp":"2025-10-31 14:15:38"}
{"0":"CDLE (role: admin)","level":"debug","message":"[isUserInAdminOrganization] Found 1 organization memberships:","service":"dlwait","timestamp":"2025-10-31 14:15:38"}
{"level":"debug","message":"[isUserInAdminOrganization] ✅ User has admin role/team in organization \"CDLE\"","service":"dlwait","timestamp":"2025-10-31 14:15:38"}
{"level":"debug","message":"[isAdmin] ✅ User user_01K8WJG016RNBNKRBJMTGM9EKC is admin via WorkOS organization","service":"dlwait","timestamp":"2025-10-31 14:15:38"}
{"level":"debug","message":"[getUserOrganizationMemberships] ✅ Using cached memberships for userId: user_01K8WJG016RNBNKRBJMTGM9EKC (1 memberships)","service":"dlwait","timestamp":"2025-10-31 14:15:39"}
{"level":"debug","message":"[getUserGroups] Called for userId: user_01K8WJG016RNBNKRBJMTGM9EKC","service":"dlwait","timestamp":"2025-10-31 14:17:18"}
{"level":"debug","message":"[getUserGroups] WORKOS_USE_ORGANIZATIONS=true, useWorkOSGroups=true","service":"dlwait","timestamp":"2025-10-31 14:17:18"}
{"level":"debug","message":"[getUserGroups] Starting WorkOS organization sync for user user_01K8WJG016RNBNKRBJMTGM9EKC","service":"dlwait","timestamp":"2025-10-31 14:17:18"}
{"level":"debug","message":"[getUserOrganizationMemberships] 🔄 Fetching memberships for userId: user_01K8WJG016RNBNKRBJMTGM9EKC","service":"dlwait","timestamp":"2025-10-31 14:17:18"}
{"level":"debug","message":"[getUserOrganizationMemberships] Found 1 raw memberships for user user_01K8WJG016RNBNKRBJMTGM9EKC","service":"dlwait","timestamp":"2025-10-31 14:17:18"}
{"level":"debug","message":"[getUserOrganizationMemberships] Enriching memberships with organization details...","service":"dlwait","timestamp":"2025-10-31 14:17:18"}
{"0":"CDLE (org_01K8WG3DSX12ES2Z703H7A3475)","level":"debug","message":"[getUserOrganizationMemberships] ✅ Returning 1 enriched memberships (cached):","service":"dlwait","timestamp":"2025-10-31 14:17:18"}
{"level":"debug","message":"[getUserGroups] Fetched 1 organization memberships (cached for reuse)","service":"dlwait","timestamp":"2025-10-31 14:17:18"}
{"level":"debug","message":"[syncTeamsFromUserOrganizations] Starting sync for userId: user_01K8WJG016RNBNKRBJMTGM9EKC","service":"dlwait","timestamp":"2025-10-31 14:17:18"}
{"0":"CDLE (org_01K8WG3DSX12ES2Z703H7A3475)","level":"debug","message":"[syncTeamsFromUserOrganizations] Found 1 organization memberships:","service":"dlwait","timestamp":"2025-10-31 14:17:18"}
{"level":"debug","message":"[syncTeamsFromUserOrganizations] Processing 1 organization memberships","service":"dlwait","timestamp":"2025-10-31 14:17:18"}
{"level":"debug","message":"[syncTeamsFromUserOrganizations] Processing membership 1/1: CDLE (org_01K8WG3DSX12ES2Z703H7A3475)","service":"dlwait","timestamp":"2025-10-31 14:17:18"}
{"level":"debug","message":"[getUserSubgroupsInOrganization] Getting user's team (role) for user user_01K8WJG016RNBNKRBJMTGM9EKC in org CDLE","service":"dlwait","timestamp":"2025-10-31 14:17:18"}
{"level":"debug","message":"[getUserSubgroupsInOrganization] User has role \"admin\" in organization \"CDLE\"","service":"dlwait","timestamp":"2025-10-31 14:17:18"}
{"level":"debug","message":"[getUserSubgroupsInOrganization] Added user's team \"admin\" for org \"CDLE\"","service":"dlwait","timestamp":"2025-10-31 14:17:18"}
{"0":"admin (team/role)","level":"debug","message":"[getUserSubgroupsInOrganization] Found 1 team(s) for user in org CDLE:","service":"dlwait","timestamp":"2025-10-31 14:17:18"}
{"level":"debug","message":"[syncTeamsFromUserOrganizations] Creating subgroup team: \"admin\"","service":"dlwait","timestamp":"2025-10-31 14:17:18"}
{"level":"debug","message":"[ensureSubgroupTeam] Ensuring subgroup team \"admin\" exists for parent \"CDLE\"","service":"dlwait","timestamp":"2025-10-31 14:17:18"}
{"level":"debug","message":"[ensureSubgroupTeam] Subgroup team \"admin\" already exists: a7bf863d-4379-4cdf-a728-7c6591c0f73a","service":"dlwait","timestamp":"2025-10-31 14:17:18"}
{"level":"debug","message":"[syncTeamsFromUserOrganizations] ✅ Subgroup team created/found: a7bf863d-4379-4cdf-a728-7c6591c0f73a for \"admin\"","service":"dlwait","timestamp":"2025-10-31 14:17:18"}
{"level":"debug","message":"[syncTeamsFromUserOrganizations] Organization \"CDLE\" serves as parent - teams are subgroups only","service":"dlwait","timestamp":"2025-10-31 14:17:18"}
{"0":"a7bf863d-4379-4cdf-a728-7c6591c0f73a","level":"info","message":"[syncTeamsFromUserOrganizations] ✅ Sync complete. Created/found 1 teams:","service":"dlwait","timestamp":"2025-10-31 14:17:18"}
{"0":"a7bf863d-4379-4cdf-a728-7c6591c0f73a","level":"debug","message":"[getUserGroups] Synced 1 teams:","service":"dlwait","timestamp":"2025-10-31 14:17:18"}
{"level":"debug","message":"[getUserGroupsFromWorkOS] Using provided memberships (1 memberships)","service":"dlwait","timestamp":"2025-10-31 14:17:18"}
{"0":"CDLE","level":"debug","message":"[getUserGroups] WorkOS groups found:","service":"dlwait","timestamp":"2025-10-31 14:17:18"}
{"level":"debug","message":"[isUserInAdminOrganization] Checking admin status for user user_01K8WJG016RNBNKRBJMTGM9EKC","service":"dlwait","timestamp":"2025-10-31 14:17:18"}
{"level":"debug","message":"[isUserInAdminOrganization] Looking for organization name: \"admin\" (case-insensitive)","service":"dlwait","timestamp":"2025-10-31 14:17:18"}
{"0":"CDLE (role: admin)","level":"debug","message":"[isUserInAdminOrganization] Found 1 organization memberships:","service":"dlwait","timestamp":"2025-10-31 14:17:18"}
{"level":"debug","message":"[isUserInAdminOrganization] ✅ User has admin role/team in organization \"CDLE\"","service":"dlwait","timestamp":"2025-10-31 14:17:18"}
{"level":"debug","message":"[getUserGroups] Is user in admin organization: true","service":"dlwait","timestamp":"2025-10-31 14:17:18"}
{"level":"debug","message":"[getUserGroups] User is admin - fetching all teams","service":"dlwait","timestamp":"2025-10-31 14:17:18"}
{"0":"admin","1":"org-applications","2":"org-support","3":"org-systems","level":"debug","message":"[getUserGroups] All teams found:","service":"dlwait","timestamp":"2025-10-31 14:17:19"}
{"level":"debug","message":"[getUserGroups] Added 'Admin' group to list","service":"dlwait","timestamp":"2025-10-31 14:17:19"}
{"0":"Admin","1":"admin","2":"org-applications","3":"org-support","4":"org-systems","level":"debug","message":"[getUserGroups] Returning admin groups:","service":"dlwait","timestamp":"2025-10-31 14:17:19"}
{"level":"debug","message":"[isUserInAdminOrganization] Checking admin status for user user_01K8WJG016RNBNKRBJMTGM9EKC","service":"dlwait","timestamp":"2025-10-31 14:17:19"}
{"level":"debug","message":"[isUserInAdminOrganization] Looking for organization name: \"admin\" (case-insensitive)","service":"dlwait","timestamp":"2025-10-31 14:17:19"}
{"level":"debug","message":"[getUserOrganizationMemberships] ✅ Using cached memberships for userId: user_01K8WJG016RNBNKRBJMTGM9EKC (1 memberships)","service":"dlwait","timestamp":"2025-10-31 14:17:19"}
{"0":"CDLE (role: admin)","level":"debug","message":"[isUserInAdminOrganization] Found 1 organization memberships:","service":"dlwait","timestamp":"2025-10-31 14:17:19"}
{"level":"debug","message":"[isUserInAdminOrganization] ✅ User has admin role/team in organization \"CDLE\"","service":"dlwait","timestamp":"2025-10-31 14:17:19"}
{"level":"debug","message":"[getUserOrganizationMemberships] ✅ Using cached memberships for userId: user_01K8WJG016RNBNKRBJMTGM9EKC (1 memberships)","service":"dlwait","timestamp":"2025-10-31 14:17:19"}
{"level":"debug","message":"[isAdmin] Checking WorkOS admin organization for user: user_01K8WJG016RNBNKRBJMTGM9EKC","service":"dlwait","timestamp":"2025-10-31 14:17:20"}
{"level":"debug","message":"[isUserInAdminOrganization] Checking admin status for user user_01K8WJG016RNBNKRBJMTGM9EKC","service":"dlwait","timestamp":"2025-10-31 14:17:20"}
{"level":"debug","message":"[isUserInAdminOrganization] Looking for organization name: \"admin\" (case-insensitive)","service":"dlwait","timestamp":"2025-10-31 14:17:20"}
{"level":"debug","message":"[getUserOrganizationMemberships] ✅ Using cached memberships for userId: user_01K8WJG016RNBNKRBJMTGM9EKC (1 memberships)","service":"dlwait","timestamp":"2025-10-31 14:17:20"}
{"0":"CDLE (role: admin)","level":"debug","message":"[isUserInAdminOrganization] Found 1 organization memberships:","service":"dlwait","timestamp":"2025-10-31 14:17:20"}
{"level":"debug","message":"[isUserInAdminOrganization] ✅ User has admin role/team in organization \"CDLE\"","service":"dlwait","timestamp":"2025-10-31 14:17:20"}
{"level":"debug","message":"[isAdmin] ✅ User user_01K8WJG016RNBNKRBJMTGM9EKC is admin via WorkOS organization","service":"dlwait","timestamp":"2025-10-31 14:17:20"}
{"level":"debug","message":"[getUserOrganizationMemberships] 🔄 Fetching memberships for userId: user_01K8WJG016RNBNKRBJMTGM9EKC","service":"dlwait","timestamp":"2025-10-31 14:17:26"}
{"level":"debug","message":"[getUserOrganizationMemberships] Found 1 raw memberships for user user_01K8WJG016RNBNKRBJMTGM9EKC","service":"dlwait","timestamp":"2025-10-31 14:17:27"}
{"level":"debug","message":"[getUserOrganizationMemberships] Enriching memberships with organization details...","service":"dlwait","timestamp":"2025-10-31 14:17:27"}
{"level":"debug","message":"[isUserInAdminOrganization] Checking admin status for user user_01K8WJG016RNBNKRBJMTGM9EKC","service":"dlwait","timestamp":"2025-10-31 14:17:27"}
{"level":"debug","message":"[isUserInAdminOrganization] Looking for organization name: \"admin\" (case-insensitive)","service":"dlwait","timestamp":"2025-10-31 14:17:27"}
{"level":"debug","message":"[getUserOrganizationMemberships] 🔄 Fetching memberships for userId: user_01K8WJG016RNBNKRBJMTGM9EKC","service":"dlwait","timestamp":"2025-10-31 14:17:27"}
{"0":"CDLE (org_01K8WG3DSX12ES2Z703H7A3475)","level":"debug","message":"[getUserOrganizationMemberships] ✅ Returning 1 enriched memberships (cached):","service":"dlwait","timestamp":"2025-10-31 14:17:27"}
{"level":"debug","message":"[getUserOrganizationMemberships] Found 1 raw memberships for user user_01K8WJG016RNBNKRBJMTGM9EKC","service":"dlwait","timestamp":"2025-10-31 14:17:27"}
{"level":"debug","message":"[getUserOrganizationMemberships] Enriching memberships with organization details...","service":"dlwait","timestamp":"2025-10-31 14:17:27"}
{"0":"CDLE (org_01K8WG3DSX12ES2Z703H7A3475)","level":"debug","message":"[getUserOrganizationMemberships] ✅ Returning 1 enriched memberships (cached):","service":"dlwait","timestamp":"2025-10-31 14:17:27"}
{"0":"CDLE (role: admin)","level":"debug","message":"[isUserInAdminOrganization] Found 1 organization memberships:","service":"dlwait","timestamp":"2025-10-31 14:17:27"}
{"level":"debug","message":"[isUserInAdminOrganization] ✅ User has admin role/team in organization \"CDLE\"","service":"dlwait","timestamp":"2025-10-31 14:17:27"}
{"level":"debug","message":"[getUserOrganizationMemberships] ✅ Using cached memberships for userId: user_01K8WJG016RNBNKRBJMTGM9EKC (1 memberships)","service":"dlwait","timestamp":"2025-10-31 14:17:27"}
{"level":"debug","message":"[isAdmin] Checking WorkOS admin organization for user: user_01K8WJG016RNBNKRBJMTGM9EKC","service":"dlwait","timestamp":"2025-10-31 14:17:31"}
{"level":"debug","message":"[isUserInAdminOrganization] Checking admin status for user user_01K8WJG016RNBNKRBJMTGM9EKC","service":"dlwait","timestamp":"2025-10-31 14:17:31"}
{"level":"debug","message":"[isUserInAdminOrganization] Looking for organization name: \"admin\" (case-insensitive)","service":"dlwait","timestamp":"2025-10-31 14:17:31"}
{"level":"debug","message":"[getUserOrganizationMemberships] 🔄 Fetching memberships for userId: user_01K8WJG016RNBNKRBJMTGM9EKC","service":"dlwait","timestamp":"2025-10-31 14:17:31"}
{"level":"debug","message":"[getUserOrganizationMemberships] Found 1 raw memberships for user user_01K8WJG016RNBNKRBJMTGM9EKC","service":"dlwait","timestamp":"2025-10-31 14:17:31"}
{"level":"debug","message":"[getUserOrganizationMemberships] Enriching memberships with organization details...","service":"dlwait","timestamp":"2025-10-31 14:17:31"}
{"0":"CDLE (org_01K8WG3DSX12ES2Z703H7A3475)","level":"debug","message":"[getUserOrganizationMemberships] ✅ Returning 1 enriched memberships (cached):","service":"dlwait","timestamp":"2025-10-31 14:17:31"}
{"0":"CDLE (role: admin)","level":"debug","message":"[isUserInAdminOrganization] Found 1 organization memberships:","service":"dlwait","timestamp":"2025-10-31 14:17:31"}
{"level":"debug","message":"[isUserInAdminOrganization] ✅ User has admin role/team in organization \"CDLE\"","service":"dlwait","timestamp":"2025-10-31 14:17:31"}
{"level":"debug","message":"[isAdmin] ✅ User user_01K8WJG016RNBNKRBJMTGM9EKC is admin via WorkOS organization","service":"dlwait","timestamp":"2025-10-31 14:17:31"}
{"level":"debug","message":"[isAdmin] Checking WorkOS admin organization for user: user_01K8WJG016RNBNKRBJMTGM9EKC","service":"dlwait","timestamp":"2025-10-31 14:17:31"}
{"level":"debug","message":"[isUserInAdminOrganization] Checking admin status for user user_01K8WJG016RNBNKRBJMTGM9EKC","service":"dlwait","timestamp":"2025-10-31 14:17:31"}
{"level":"debug","message":"[isUserInAdminOrganization] Looking for organization name: \"admin\" (case-insensitive)","service":"dlwait","timestamp":"2025-10-31 14:17:31"}
{"level":"debug","message":"[getUserOrganizationMemberships] ✅ Using cached memberships for userId: user_01K8WJG016RNBNKRBJMTGM9EKC (1 memberships)","service":"dlwait","timestamp":"2025-10-31 14:17:31"}
{"0":"CDLE (role: admin)","level":"debug","message":"[isUserInAdminOrganization] Found 1 organization memberships:","service":"dlwait","timestamp":"2025-10-31 14:17:31"}
{"level":"debug","message":"[isUserInAdminOrganization] ✅ User has admin role/team in organization \"CDLE\"","service":"dlwait","timestamp":"2025-10-31 14:17:31"}
{"level":"debug","message":"[isAdmin] ✅ User user_01K8WJG016RNBNKRBJMTGM9EKC is admin via WorkOS organization","service":"dlwait","timestamp":"2025-10-31 14:17:31"}
{"level":"debug","message":"[getUserOrganizationMemberships] ✅ Using cached memberships for userId: user_01K8WJG016RNBNKRBJMTGM9EKC (1 memberships)","service":"dlwait","timestamp":"2025-10-31 14:17:32"}
{"level":"debug","message":"[isAdmin] Checking WorkOS admin organization for user: user_01K8WJG016RNBNKRBJMTGM9EKC","service":"dlwait","timestamp":"2025-10-31 14:17:32"}
{"level":"debug","message":"[isUserInAdminOrganization] Checking admin status for user user_01K8WJG016RNBNKRBJMTGM9EKC","service":"dlwait","timestamp":"2025-10-31 14:17:32"}
{"level":"debug","message":"[isUserInAdminOrganization] Looking for organization name: \"admin\" (case-insensitive)","service":"dlwait","timestamp":"2025-10-31 14:17:32"}
{"level":"debug","message":"[getUserOrganizationMemberships] ✅ Using cached memberships for userId: user_01K8WJG016RNBNKRBJMTGM9EKC (1 memberships)","service":"dlwait","timestamp":"2025-10-31 14:17:32"}
{"0":"CDLE (role: admin)","level":"debug","message":"[isUserInAdminOrganization] Found 1 organization memberships:","service":"dlwait","timestamp":"2025-10-31 14:17:32"}
{"level":"debug","message":"[isUserInAdminOrganization] ✅ User has admin role/team in organization \"CDLE\"","service":"dlwait","timestamp":"2025-10-31 14:17:32"}
{"level":"debug","message":"[isAdmin] ✅ User user_01K8WJG016RNBNKRBJMTGM9EKC is admin via WorkOS organization","service":"dlwait","timestamp":"2025-10-31 14:17:32"}
{"level":"debug","message":"[isAdmin] Checking WorkOS admin organization for user: user_01K8WJG016RNBNKRBJMTGM9EKC","service":"dlwait","timestamp":"2025-10-31 14:17:32"}
{"level":"debug","message":"[isUserInAdminOrganization] Checking admin status for user user_01K8WJG016RNBNKRBJMTGM9EKC","service":"dlwait","timestamp":"2025-10-31 14:17:32"}
{"level":"debug","message":"[isUserInAdminOrganization] Looking for organization name: \"admin\" (case-insensitive)","service":"dlwait","timestamp":"2025-10-31 14:17:32"}
{"level":"debug","message":"[getUserOrganizationMemberships] ✅ Using cached memberships for userId: user_01K8WJG016RNBNKRBJMTGM9EKC (1 memberships)","service":"dlwait","timestamp":"2025-10-31 14:17:32"}
{"0":"CDLE (role: admin)","level":"debug","message":"[isUserInAdminOrganization] Found 1 organization memberships:","service":"dlwait","timestamp":"2025-10-31 14:17:32"}
{"level":"debug","message":"[isUserInAdminOrganization] ✅ User has admin role/team in organization \"CDLE\"","service":"dlwait","timestamp":"2025-10-31 14:17:33"}
{"level":"debug","message":"[isAdmin] ✅ User user_01K8WJG016RNBNKRBJMTGM9EKC is admin via WorkOS organization","service":"dlwait","timestamp":"2025-10-31 14:17:33"}
{"level":"debug","message":"[getUserOrganizationMemberships] ✅ Using cached memberships for userId: user_01K8WJG016RNBNKRBJMTGM9EKC (1 memberships)","service":"dlwait","timestamp":"2025-10-31 14:17:33"}
{"level":"debug","message":"[isAdmin] Checking WorkOS admin organization for user: user_01K8WJG016RNBNKRBJMTGM9EKC","service":"dlwait","timestamp":"2025-10-31 14:18:41"}
{"level":"debug","message":"[isUserInAdminOrganization] Checking admin status for user user_01K8WJG016RNBNKRBJMTGM9EKC","service":"dlwait","timestamp":"2025-10-31 14:18:41"}
{"level":"debug","message":"[isUserInAdminOrganization] Looking for organization name: \"admin\" (case-insensitive)","service":"dlwait","timestamp":"2025-10-31 14:18:41"}
{"level":"debug","message":"[getUserOrganizationMemberships] 🔄 Fetching memberships for userId: user_01K8WJG016RNBNKRBJMTGM9EKC","service":"dlwait","timestamp":"2025-10-31 14:18:41"}
{"level":"debug","message":"[getUserOrganizationMemberships] Found 1 raw memberships for user user_01K8WJG016RNBNKRBJMTGM9EKC","service":"dlwait","timestamp":"2025-10-31 14:18:42"}
{"level":"debug","message":"[getUserOrganizationMemberships] Enriching memberships with organization details...","service":"dlwait","timestamp":"2025-10-31 14:18:42"}
{"0":"CDLE (org_01K8WG3DSX12ES2Z703H7A3475)","level":"debug","message":"[getUserOrganizationMemberships] ✅ Returning 1 enriched memberships (cached):","service":"dlwait","timestamp":"2025-10-31 14:18:42"}
{"0":"CDLE (role: admin)","level":"debug","message":"[isUserInAdminOrganization] Found 1 organization memberships:","service":"dlwait","timestamp":"2025-10-31 14:18:42"}
{"level":"debug","message":"[isUserInAdminOrganization] ✅ User has admin role/team in organization \"CDLE\"","service":"dlwait","timestamp":"2025-10-31 14:18:42"}
{"level":"debug","message":"[isAdmin] ✅ User user_01K8WJG016RNBNKRBJMTGM9EKC is admin via WorkOS organization","service":"dlwait","timestamp":"2025-10-31 14:18:42"}
{"level":"debug","message":"[isAdmin] Checking WorkOS admin organization for user: user_01K8WJG016RNBNKRBJMTGM9EKC","service":"dlwait","timestamp":"2025-10-31 14:18:43"}
{"level":"debug","message":"[isUserInAdminOrganization] Checking admin status for user user_01K8WJG016RNBNKRBJMTGM9EKC","service":"dlwait","timestamp":"2025-10-31 14:18:43"}
{"level":"debug","message":"[isUserInAdminOrganization] Looking for organization name: \"admin\" (case-insensitive)","service":"dlwait","timestamp":"2025-10-31 14:18:43"}
{"level":"debug","message":"[getUserOrganizationMemberships] ✅ Using cached memberships for userId: user_01K8WJG016RNBNKRBJMTGM9EKC (1 memberships)","service":"dlwait","timestamp":"2025-10-31 14:18:43"}
{"0":"CDLE (role: admin)","level":"debug","message":"[isUserInAdminOrganization] Found 1 organization memberships:","service":"dlwait","timestamp":"2025-10-31 14:18:43"}
{"level":"debug","message":"[isUserInAdminOrganization] ✅ User has admin role/team in organization \"CDLE\"","service":"dlwait","timestamp":"2025-10-31 14:18:43"}
{"level":"debug","message":"[isAdmin] ✅ User user_01K8WJG016RNBNKRBJMTGM9EKC is admin via WorkOS organization","service":"dlwait","timestamp":"2025-10-31 14:18:43"}
{"level":"debug","message":"[getUserOrganizationMemberships] ✅ Using cached memberships for userId: user_01K8WJG016RNBNKRBJMTGM9EKC (1 memberships)","service":"dlwait","timestamp":"2025-10-31 14:18:43"}
{"level":"debug","message":"[isAdmin] Checking WorkOS admin organization for user: user_01K8WJG016RNBNKRBJMTGM9EKC","service":"dlwait","timestamp":"2025-10-31 14:18:44"}
{"level":"debug","message":"[isUserInAdminOrganization] Checking admin status for user user_01K8WJG016RNBNKRBJMTGM9EKC","service":"dlwait","timestamp":"2025-10-31 14:18:44"}
{"level":"debug","message":"[isUserInAdminOrganization] Looking for organization name: \"admin\" (case-insensitive)","service":"dlwait","timestamp":"2025-10-31 14:18:44"}
{"level":"debug","message":"[getUserOrganizationMemberships] ✅ Using cached memberships for userId: user_01K8WJG016RNBNKRBJMTGM9EKC (1 memberships)","service":"dlwait","timestamp":"2025-10-31 14:18:44"}
{"0":"CDLE (role: admin)","level":"debug","message":"[isUserInAdminOrganization] Found 1 organization memberships:","service":"dlwait","timestamp":"2025-10-31 14:18:44"}
{"level":"debug","message":"[isUserInAdminOrganization] ✅ User has admin role/team in organization \"CDLE\"","service":"dlwait","timestamp":"2025-10-31 14:18:44"}
{"level":"debug","message":"[isAdmin] ✅ User user_01K8WJG016RNBNKRBJMTGM9EKC is admin via WorkOS organization","service":"dlwait","timestamp":"2025-10-31 14:18:44"}
{"level":"debug","message":"[isAdmin] Checking WorkOS admin organization for user: user_01K8WJG016RNBNKRBJMTGM9EKC","service":"dlwait","timestamp":"2025-10-31 14:18:44"}
{"level":"debug","message":"[isUserInAdminOrganization] Checking admin status for user user_01K8WJG016RNBNKRBJMTGM9EKC","service":"dlwait","timestamp":"2025-10-31 14:18:44"}
{"level":"debug","message":"[isUserInAdminOrganization] Looking for organization name: \"admin\" (case-insensitive)","service":"dlwait","timestamp":"2025-10-31 14:18:44"}
{"level":"debug","message":"[getUserOrganizationMemberships] ✅ Using cached memberships for userId: user_01K8WJG016RNBNKRBJMTGM9EKC (1 memberships)","service":"dlwait","timestamp":"2025-10-31 14:18:44"}
{"0":"CDLE (role: admin)","level":"debug","message":"[isUserInAdminOrganization] Found 1 organization memberships:","service":"dlwait","timestamp":"2025-10-31 14:18:44"}
{"level":"debug","message":"[isUserInAdminOrganization] ✅ User has admin role/team in organization \"CDLE\"","service":"dlwait","timestamp":"2025-10-31 14:18:44"}
{"level":"debug","message":"[isAdmin] ✅ User user_01K8WJG016RNBNKRBJMTGM9EKC is admin via WorkOS organization","service":"dlwait","timestamp":"2025-10-31 14:18:44"}
{"level":"debug","message":"[getUserOrganizationMemberships] ✅ Using cached memberships for userId: user_01K8WJG016RNBNKRBJMTGM9EKC (1 memberships)","service":"dlwait","timestamp":"2025-10-31 14:18:44"}
{"level":"debug","message":"[isAdmin] Checking WorkOS admin organization for user: user_01K8WJG016RNBNKRBJMTGM9EKC","service":"dlwait","timestamp":"2025-10-31 14:20:17"}
{"level":"debug","message":"[isUserInAdminOrganization] Checking admin status for user user_01K8WJG016RNBNKRBJMTGM9EKC","service":"dlwait","timestamp":"2025-10-31 14:20:17"}
{"level":"debug","message":"[isUserInAdminOrganization] Looking for organization name: \"admin\" (case-insensitive)","service":"dlwait","timestamp":"2025-10-31 14:20:17"}
{"level":"debug","message":"[getUserOrganizationMemberships] 🔄 Fetching memberships for userId: user_01K8WJG016RNBNKRBJMTGM9EKC","service":"dlwait","timestamp":"2025-10-31 14:20:17"}
{"level":"debug","message":"[getUserOrganizationMemberships] Found 1 raw memberships for user user_01K8WJG016RNBNKRBJMTGM9EKC","service":"dlwait","timestamp":"2025-10-31 14:20:17"}
{"level":"debug","message":"[getUserOrganizationMemberships] Enriching memberships with organization details...","service":"dlwait","timestamp":"2025-10-31 14:20:17"}
{"level":"debug","message":"[isAdmin] Checking WorkOS admin organization for user: user_01K8WJG016RNBNKRBJMTGM9EKC","service":"dlwait","timestamp":"2025-10-31 14:20:17"}
{"level":"debug","message":"[isUserInAdminOrganization] Checking admin status for user user_01K8WJG016RNBNKRBJMTGM9EKC","service":"dlwait","timestamp":"2025-10-31 14:20:17"}
{"level":"debug","message":"[isUserInAdminOrganization] Looking for organization name: \"admin\" (case-insensitive)","service":"dlwait","timestamp":"2025-10-31 14:20:17"}
{"level":"debug","message":"[getUserOrganizationMemberships] 🔄 Fetching memberships for userId: user_01K8WJG016RNBNKRBJMTGM9EKC","service":"dlwait","timestamp":"2025-10-31 14:20:17"}
{"0":"CDLE (org_01K8WG3DSX12ES2Z703H7A3475)","level":"debug","message":"[getUserOrganizationMemberships] ✅ Returning 1 enriched memberships (cached):","service":"dlwait","timestamp":"2025-10-31 14:20:17"}
{"0":"CDLE (role: admin)","level":"debug","message":"[isUserInAdminOrganization] Found 1 organization memberships:","service":"dlwait","timestamp":"2025-10-31 14:20:17"}
{"level":"debug","message":"[isUserInAdminOrganization] ✅ User has admin role/team in organization \"CDLE\"","service":"dlwait","timestamp":"2025-10-31 14:20:17"}
{"level":"debug","message":"[isAdmin] ✅ User user_01K8WJG016RNBNKRBJMTGM9EKC is admin via WorkOS organization","service":"dlwait","timestamp":"2025-10-31 14:20:17"}
{"level":"debug","message":"[getUserOrganizationMemberships] Found 1 raw memberships for user user_01K8WJG016RNBNKRBJMTGM9EKC","service":"dlwait","timestamp":"2025-10-31 14:20:17"}
{"level":"debug","message":"[getUserOrganizationMemberships] Enriching memberships with organization details...","service":"dlwait","timestamp":"2025-10-31 14:20:17"}
{"0":"CDLE (org_01K8WG3DSX12ES2Z703H7A3475)","level":"debug","message":"[getUserOrganizationMemberships] ✅ Returning 1 enriched memberships (cached):","service":"dlwait","timestamp":"2025-10-31 14:20:17"}
{"0":"CDLE (role: admin)","level":"debug","message":"[isUserInAdminOrganization] Found 1 organization memberships:","service":"dlwait","timestamp":"2025-10-31 14:20:17"}
{"level":"debug","message":"[isUserInAdminOrganization] ✅ User has admin role/team in organization \"CDLE\"","service":"dlwait","timestamp":"2025-10-31 14:20:17"}
{"level":"debug","message":"[isAdmin] ✅ User user_01K8WJG016RNBNKRBJMTGM9EKC is admin via WorkOS organization","service":"dlwait","timestamp":"2025-10-31 14:20:17"}
{"level":"debug","message":"[isAdmin] Checking WorkOS admin organization for user: user_01K8WJG016RNBNKRBJMTGM9EKC","service":"dlwait","timestamp":"2025-10-31 14:20:17"}
{"level":"debug","message":"[isUserInAdminOrganization] Checking admin status for user user_01K8WJG016RNBNKRBJMTGM9EKC","service":"dlwait","timestamp":"2025-10-31 14:20:17"}
{"level":"debug","message":"[isUserInAdminOrganization] Looking for organization name: \"admin\" (case-insensitive)","service":"dlwait","timestamp":"2025-10-31 14:20:17"}
{"level":"debug","message":"[getUserOrganizationMemberships] ✅ Using cached memberships for userId: user_01K8WJG016RNBNKRBJMTGM9EKC (1 memberships)","service":"dlwait","timestamp":"2025-10-31 14:20:17"}
{"0":"CDLE (role: admin)","level":"debug","message":"[isUserInAdminOrganization] Found 1 organization memberships:","service":"dlwait","timestamp":"2025-10-31 14:20:17"}
{"level":"debug","message":"[isUserInAdminOrganization] ✅ User has admin role/team in organization \"CDLE\"","service":"dlwait","timestamp":"2025-10-31 14:20:17"}
{"level":"debug","message":"[isAdmin] ✅ User user_01K8WJG016RNBNKRBJMTGM9EKC is admin via WorkOS organization","service":"dlwait","timestamp":"2025-10-31 14:20:17"}
{"level":"debug","message":"[getUserOrganizationMemberships] ✅ Using cached memberships for userId: user_01K8WJG016RNBNKRBJMTGM9EKC (1 memberships)","service":"dlwait","timestamp":"2025-10-31 14:20:18"}
{"level":"debug","message":"[isAdmin] Checking WorkOS admin organization for user: user_01K8WJG016RNBNKRBJMTGM9EKC","service":"dlwait","timestamp":"2025-10-31 14:20:18"}
{"level":"debug","message":"[isUserInAdminOrganization] Checking admin status for user user_01K8WJG016RNBNKRBJMTGM9EKC","service":"dlwait","timestamp":"2025-10-31 14:20:18"}
{"level":"debug","message":"[isUserInAdminOrganization] Looking for organization name: \"admin\" (case-insensitive)","service":"dlwait","timestamp":"2025-10-31 14:20:18"}
{"level":"debug","message":"[getUserOrganizationMemberships] ✅ Using cached memberships for userId: user_01K8WJG016RNBNKRBJMTGM9EKC (1 memberships)","service":"dlwait","timestamp":"2025-10-31 14:20:18"}
{"0":"CDLE (role: admin)","level":"debug","message":"[isUserInAdminOrganization] Found 1 organization memberships:","service":"dlwait","timestamp":"2025-10-31 14:20:18"}
{"level":"debug","message":"[isUserInAdminOrganization] ✅ User has admin role/team in organization \"CDLE\"","service":"dlwait","timestamp":"2025-10-31 14:20:18"}
{"level":"debug","message":"[isAdmin] ✅ User user_01K8WJG016RNBNKRBJMTGM9EKC is admin via WorkOS organization","service":"dlwait","timestamp":"2025-10-31 14:20:18"}
{"level":"debug","message":"[isAdmin] Checking WorkOS admin organization for user: user_01K8WJG016RNBNKRBJMTGM9EKC","service":"dlwait","timestamp":"2025-10-31 14:20:18"}
{"level":"debug","message":"[isUserInAdminOrganization] Checking admin status for user user_01K8WJG016RNBNKRBJMTGM9EKC","service":"dlwait","timestamp":"2025-10-31 14:20:18"}
{"level":"debug","message":"[isUserInAdminOrganization] Looking for organization name: \"admin\" (case-insensitive)","service":"dlwait","timestamp":"2025-10-31 14:20:18"}
{"level":"debug","message":"[getUserOrganizationMemberships] ✅ Using cached memberships for userId: user_01K8WJG016RNBNKRBJMTGM9EKC (1 memberships)","service":"dlwait","timestamp":"2025-10-31 14:20:18"}
{"0":"CDLE (role: admin)","level":"debug","message":"[isUserInAdminOrganization] Found 1 organization memberships:","service":"dlwait","timestamp":"2025-10-31 14:20:18"}
{"level":"debug","message":"[isUserInAdminOrganization] ✅ User has admin role/team in organization \"CDLE\"","service":"dlwait","timestamp":"2025-10-31 14:20:18"}
{"level":"debug","message":"[isAdmin] ✅ User user_01K8WJG016RNBNKRBJMTGM9EKC is admin via WorkOS organization","service":"dlwait","timestamp":"2025-10-31 14:20:18"}
{"level":"debug","message":"[isAdmin] Checking WorkOS admin organization for user: user_01K8WJG016RNBNKRBJMTGM9EKC","service":"dlwait","timestamp":"2025-10-31 14:20:19"}
{"level":"debug","message":"[isUserInAdminOrganization] Checking admin status for user user_01K8WJG016RNBNKRBJMTGM9EKC","service":"dlwait","timestamp":"2025-10-31 14:20:19"}
{"level":"debug","message":"[isUserInAdminOrganization] Looking for organization name: \"admin\" (case-insensitive)","service":"dlwait","timestamp":"2025-10-31 14:20:19"}
{"level":"debug","message":"[getUserOrganizationMemberships] ✅ Using cached memberships for userId: user_01K8WJG016RNBNKRBJMTGM9EKC (1 memberships)","service":"dlwait","timestamp":"2025-10-31 14:20:19"}
{"0":"CDLE (role: admin)","level":"debug","message":"[isUserInAdminOrganization] Found 1 organization memberships:","service":"dlwait","timestamp":"2025-10-31 14:20:19"}
{"level":"debug","message":"[isUserInAdminOrganization] ✅ User has admin role/team in organization \"CDLE\"","service":"dlwait","timestamp":"2025-10-31 14:20:19"}
{"level":"debug","message":"[isAdmin] ✅ User user_01K8WJG016RNBNKRBJMTGM9EKC is admin via WorkOS organization","service":"dlwait","timestamp":"2025-10-31 14:20:19"}
{"level":"debug","message":"[getUserOrganizationMemberships] ✅ Using cached memberships for userId: user_01K8WJG016RNBNKRBJMTGM9EKC (1 memberships)","service":"dlwait","timestamp":"2025-10-31 14:20:19"}
{"level":"debug","message":"[isAdmin] Checking WorkOS admin organization for user: user_01K8WJG016RNBNKRBJMTGM9EKC","service":"dlwait","timestamp":"2025-10-31 14:22:02"}
{"level":"debug","message":"[isUserInAdminOrganization] Checking admin status for user user_01K8WJG016RNBNKRBJMTGM9EKC","service":"dlwait","timestamp":"2025-10-31 14:22:02"}
{"level":"debug","message":"[isUserInAdminOrganization] Looking for organization name: \"admin\" (case-insensitive)","service":"dlwait","timestamp":"2025-10-31 14:22:02"}
{"level":"debug","message":"[getUserOrganizationMemberships] 🔄 Fetching memberships for userId: user_01K8WJG016RNBNKRBJMTGM9EKC","service":"dlwait","timestamp":"2025-10-31 14:22:02"}
{"level":"debug","message":"[getUserOrganizationMemberships] Found 1 raw memberships for user user_01K8WJG016RNBNKRBJMTGM9EKC","service":"dlwait","timestamp":"2025-10-31 14:22:03"}
{"level":"debug","message":"[getUserOrganizationMemberships] Enriching memberships with organization details...","service":"dlwait","timestamp":"2025-10-31 14:22:03"}
{"level":"debug","message":"[isAdmin] Checking WorkOS admin organization for user: user_01K8WJG016RNBNKRBJMTGM9EKC","service":"dlwait","timestamp":"2025-10-31 14:22:03"}
{"level":"debug","message":"[isUserInAdminOrganization] Checking admin status for user user_01K8WJG016RNBNKRBJMTGM9EKC","service":"dlwait","timestamp":"2025-10-31 14:22:03"}
{"level":"debug","message":"[isUserInAdminOrganization] Looking for organization name: \"admin\" (case-insensitive)","service":"dlwait","timestamp":"2025-10-31 14:22:03"}
{"level":"debug","message":"[getUserOrganizationMemberships] 🔄 Fetching memberships for userId: user_01K8WJG016RNBNKRBJMTGM9EKC","service":"dlwait","timestamp":"2025-10-31 14:22:03"}
{"0":"CDLE (org_01K8WG3DSX12ES2Z703H7A3475)","level":"debug","message":"[getUserOrganizationMemberships] ✅ Returning 1 enriched memberships (cached):","service":"dlwait","timestamp":"2025-10-31 14:22:03"}
{"0":"CDLE (role: admin)","level":"debug","message":"[isUserInAdminOrganization] Found 1 organization memberships:","service":"dlwait","timestamp":"2025-10-31 14:22:03"}
{"level":"debug","message":"[isUserInAdminOrganization] ✅ User has admin role/team in organization \"CDLE\"","service":"dlwait","timestamp":"2025-10-31 14:22:03"}
{"level":"debug","message":"[isAdmin] ✅ User user_01K8WJG016RNBNKRBJMTGM9EKC is admin via WorkOS organization","service":"dlwait","timestamp":"2025-10-31 14:22:03"}
{"level":"debug","message":"[getUserOrganizationMemberships] Found 1 raw memberships for user user_01K8WJG016RNBNKRBJMTGM9EKC","service":"dlwait","timestamp":"2025-10-31 14:22:03"}
{"level":"debug","message":"[getUserOrganizationMemberships] Enriching memberships with organization details...","service":"dlwait","timestamp":"2025-10-31 14:22:03"}
{"0":"CDLE (org_01K8WG3DSX12ES2Z703H7A3475)","level":"debug","message":"[getUserOrganizationMemberships] ✅ Returning 1 enriched memberships (cached):","service":"dlwait","timestamp":"2025-10-31 14:22:03"}
{"0":"CDLE (role: admin)","level":"debug","message":"[isUserInAdminOrganization] Found 1 organization memberships:","service":"dlwait","timestamp":"2025-10-31 14:22:03"}
{"level":"debug","message":"[isUserInAdminOrganization] ✅ User has admin role/team in organization \"CDLE\"","service":"dlwait","timestamp":"2025-10-31 14:22:03"}
{"level":"debug","message":"[isAdmin] ✅ User user_01K8WJG016RNBNKRBJMTGM9EKC is admin via WorkOS organization","service":"dlwait","timestamp":"2025-10-31 14:22:03"}
{"level":"debug","message":"[isAdmin] Checking WorkOS admin organization for user: user_01K8WJG016RNBNKRBJMTGM9EKC","service":"dlwait","timestamp":"2025-10-31 14:22:03"}
{"level":"debug","message":"[isUserInAdminOrganization] Checking admin status for user user_01K8WJG016RNBNKRBJMTGM9EKC","service":"dlwait","timestamp":"2025-10-31 14:22:03"}
{"level":"debug","message":"[isUserInAdminOrganization] Looking for organization name: \"admin\" (case-insensitive)","service":"dlwait","timestamp":"2025-10-31 14:22:03"}
{"level":"debug","message":"[getUserOrganizationMemberships] ✅ Using cached memberships for userId: user_01K8WJG016RNBNKRBJMTGM9EKC (1 memberships)","service":"dlwait","timestamp":"2025-10-31 14:22:03"}
{"0":"CDLE (role: admin)","level":"debug","message":"[isUserInAdminOrganization] Found 1 organization memberships:","service":"dlwait","timestamp":"2025-10-31 14:22:03"}
{"level":"debug","message":"[isUserInAdminOrganization] ✅ User has admin role/team in organization \"CDLE\"","service":"dlwait","timestamp":"2025-10-31 14:22:03"}
{"level":"debug","message":"[isAdmin] ✅ User user_01K8WJG016RNBNKRBJMTGM9EKC is admin via WorkOS organization","service":"dlwait","timestamp":"2025-10-31 14:22:03"}
{"level":"debug","message":"[getUserOrganizationMemberships] ✅ Using cached memberships for userId: user_01K8WJG016RNBNKRBJMTGM9EKC (1 memberships)","service":"dlwait","timestamp":"2025-10-31 14:22:03"}
{"level":"debug","message":"[isAdmin] Checking WorkOS admin organization for user: user_01K8WJG016RNBNKRBJMTGM9EKC","service":"dlwait","timestamp":"2025-10-31 14:22:04"}
{"level":"debug","message":"[isUserInAdminOrganization] Checking admin status for user user_01K8WJG016RNBNKRBJMTGM9EKC","service":"dlwait","timestamp":"2025-10-31 14:22:04"}
{"level":"debug","message":"[isUserInAdminOrganization] Looking for organization name: \"admin\" (case-insensitive)","service":"dlwait","timestamp":"2025-10-31 14:22:04"}
{"level":"debug","message":"[getUserOrganizationMemberships] ✅ Using cached memberships for userId: user_01K8WJG016RNBNKRBJMTGM9EKC (1 memberships)","service":"dlwait","timestamp":"2025-10-31 14:22:04"}
{"0":"CDLE (role: admin)","level":"debug","message":"[isUserInAdminOrganization] Found 1 organization memberships:","service":"dlwait","timestamp":"2025-10-31 14:22:04"}
{"level":"debug","message":"[isUserInAdminOrganization] ✅ User has admin role/team in organization \"CDLE\"","service":"dlwait","timestamp":"2025-10-31 14:22:04"}
{"level":"debug","message":"[isAdmin] ✅ User user_01K8WJG016RNBNKRBJMTGM9EKC is admin via WorkOS organization","service":"dlwait","timestamp":"2025-10-31 14:22:04"}
{"level":"debug","message":"[isAdmin] Checking WorkOS admin organization for user: user_01K8WJG016RNBNKRBJMTGM9EKC","service":"dlwait","timestamp":"2025-10-31 14:22:05"}
{"level":"debug","message":"[isUserInAdminOrganization] Checking admin status for user user_01K8WJG016RNBNKRBJMTGM9EKC","service":"dlwait","timestamp":"2025-10-31 14:22:05"}
{"level":"debug","message":"[isUserInAdminOrganization] Looking for organization name: \"admin\" (case-insensitive)","service":"dlwait","timestamp":"2025-10-31 14:22:05"}
{"level":"debug","message":"[getUserOrganizationMemberships] ✅ Using cached memberships for userId: user_01K8WJG016RNBNKRBJMTGM9EKC (1 memberships)","service":"dlwait","timestamp":"2025-10-31 14:22:05"}
{"0":"CDLE (role: admin)","level":"debug","message":"[isUserInAdminOrganization] Found 1 organization memberships:","service":"dlwait","timestamp":"2025-10-31 14:22:05"}
{"level":"debug","message":"[isUserInAdminOrganization] ✅ User has admin role/team in organization \"CDLE\"","service":"dlwait","timestamp":"2025-10-31 14:22:05"}
{"level":"debug","message":"[isAdmin] ✅ User user_01K8WJG016RNBNKRBJMTGM9EKC is admin via WorkOS organization","service":"dlwait","timestamp":"2025-10-31 14:22:05"}
{"level":"debug","message":"[isAdmin] Checking WorkOS admin organization for user: user_01K8WJG016RNBNKRBJMTGM9EKC","service":"dlwait","timestamp":"2025-10-31 14:22:05"}
{"level":"debug","message":"[isUserInAdminOrganization] Checking admin status for user user_01K8WJG016RNBNKRBJMTGM9EKC","service":"dlwait","timestamp":"2025-10-31 14:22:05"}
{"level":"debug","message":"[isUserInAdminOrganization] Looking for organization name: \"admin\" (case-insensitive)","service":"dlwait","timestamp":"2025-10-31 14:22:05"}
{"level":"debug","message":"[getUserOrganizationMemberships] ✅ Using cached memberships for userId: user_01K8WJG016RNBNKRBJMTGM9EKC (1 memberships)","service":"dlwait","timestamp":"2025-10-31 14:22:05"}
{"0":"CDLE (role: admin)","level":"debug","message":"[isUserInAdminOrganization] Found 1 organization memberships:","service":"dlwait","timestamp":"2025-10-31 14:22:05"}
{"level":"debug","message":"[isUserInAdminOrganization] ✅ User has admin role/team in organization \"CDLE\"","service":"dlwait","timestamp":"2025-10-31 14:22:05"}
{"level":"debug","message":"[isAdmin] ✅ User user_01K8WJG016RNBNKRBJMTGM9EKC is admin via WorkOS organization","service":"dlwait","timestamp":"2025-10-31 14:22:05"}
{"level":"debug","message":"[getUserOrganizationMemberships] ✅ Using cached memberships for userId: user_01K8WJG016RNBNKRBJMTGM9EKC (1 memberships)","service":"dlwait","timestamp":"2025-10-31 14:22:07"}
{"level":"debug","message":"[isAdmin] Checking WorkOS admin organization for user: user_01K8WJG016RNBNKRBJMTGM9EKC","service":"dlwait","timestamp":"2025-10-31 14:22:52"}
{"level":"debug","message":"[isUserInAdminOrganization] Checking admin status for user user_01K8WJG016RNBNKRBJMTGM9EKC","service":"dlwait","timestamp":"2025-10-31 14:22:52"}
{"level":"debug","message":"[isUserInAdminOrganization] Looking for organization name: \"admin\" (case-insensitive)","service":"dlwait","timestamp":"2025-10-31 14:22:52"}
{"level":"debug","message":"[getUserOrganizationMemberships] 🔄 Fetching memberships for userId: user_01K8WJG016RNBNKRBJMTGM9EKC","service":"dlwait","timestamp":"2025-10-31 14:22:52"}
{"level":"debug","message":"[isAdmin] Checking WorkOS admin organization for user: user_01K8WJG016RNBNKRBJMTGM9EKC","service":"dlwait","timestamp":"2025-10-31 14:22:52"}
{"level":"debug","message":"[isUserInAdminOrganization] Checking admin status for user user_01K8WJG016RNBNKRBJMTGM9EKC","service":"dlwait","timestamp":"2025-10-31 14:22:52"}
{"level":"debug","message":"[isUserInAdminOrganization] Looking for organization name: \"admin\" (case-insensitive)","service":"dlwait","timestamp":"2025-10-31 14:22:52"}
{"level":"debug","message":"[getUserOrganizationMemberships] 🔄 Fetching memberships for userId: user_01K8WJG016RNBNKRBJMTGM9EKC","service":"dlwait","timestamp":"2025-10-31 14:22:52"}
{"level":"debug","message":"[getUserOrganizationMemberships] Found 1 raw memberships for user user_01K8WJG016RNBNKRBJMTGM9EKC","service":"dlwait","timestamp":"2025-10-31 14:22:52"}
{"level":"debug","message":"[getUserOrganizationMemberships] Enriching memberships with organization details...","service":"dlwait","timestamp":"2025-10-31 14:22:52"}
{"level":"debug","message":"[getUserOrganizationMemberships] Found 1 raw memberships for user user_01K8WJG016RNBNKRBJMTGM9EKC","service":"dlwait","timestamp":"2025-10-31 14:22:52"}
{"level":"debug","message":"[getUserOrganizationMemberships] Enriching memberships with organization details...","service":"dlwait","timestamp":"2025-10-31 14:22:52"}
{"0":"CDLE (org_01K8WG3DSX12ES2Z703H7A3475)","level":"debug","message":"[getUserOrganizationMemberships] ✅ Returning 1 enriched memberships (cached):","service":"dlwait","timestamp":"2025-10-31 14:22:52"}
{"0":"CDLE (role: admin)","level":"debug","message":"[isUserInAdminOrganization] Found 1 organization memberships:","service":"dlwait","timestamp":"2025-10-31 14:22:52"}
{"level":"debug","message":"[isUserInAdminOrganization] ✅ User has admin role/team in organization \"CDLE\"","service":"dlwait","timestamp":"2025-10-31 14:22:52"}
{"level":"debug","message":"[isAdmin] ✅ User user_01K8WJG016RNBNKRBJMTGM9EKC is admin via WorkOS organization","service":"dlwait","timestamp":"2025-10-31 14:22:52"}
{"0":"CDLE (org_01K8WG3DSX12ES2Z703H7A3475)","level":"debug","message":"[getUserOrganizationMemberships] ✅ Returning 1 enriched memberships (cached):","service":"dlwait","timestamp":"2025-10-31 14:22:52"}
{"0":"CDLE (role: admin)","level":"debug","message":"[isUserInAdminOrganization] Found 1 organization memberships:","service":"dlwait","timestamp":"2025-10-31 14:22:52"}
{"level":"debug","message":"[isUserInAdminOrganization] ✅ User has admin role/team in organization \"CDLE\"","service":"dlwait","timestamp":"2025-10-31 14:22:52"}
{"level":"debug","message":"[isAdmin] ✅ User user_01K8WJG016RNBNKRBJMTGM9EKC is admin via WorkOS organization","service":"dlwait","timestamp":"2025-10-31 14:22:52"}
{"level":"debug","message":"[isAdmin] Checking WorkOS admin organization for user: user_01K8WJG016RNBNKRBJMTGM9EKC","service":"dlwait","timestamp":"2025-10-31 14:22:53"}
{"level":"debug","message":"[isUserInAdminOrganization] Checking admin status for user user_01K8WJG016RNBNKRBJMTGM9EKC","service":"dlwait","timestamp":"2025-10-31 14:22:53"}
{"level":"debug","message":"[isUserInAdminOrganization] Looking for organization name: \"admin\" (case-insensitive)","service":"dlwait","timestamp":"2025-10-31 14:22:53"}
{"level":"debug","message":"[getUserOrganizationMemberships] ✅ Using cached memberships for userId: user_01K8WJG016RNBNKRBJMTGM9EKC (1 memberships)","service":"dlwait","timestamp":"2025-10-31 14:22:53"}
{"0":"CDLE (role: admin)","level":"debug","message":"[isUserInAdminOrganization] Found 1 organization memberships:","service":"dlwait","timestamp":"2025-10-31 14:22:53"}
{"level":"debug","message":"[isUserInAdminOrganization] ✅ User has admin role/team in organization \"CDLE\"","service":"dlwait","timestamp":"2025-10-31 14:22:53"}
{"level":"debug","message":"[isAdmin] ✅ User user_01K8WJG016RNBNKRBJMTGM9EKC is admin via WorkOS organization","service":"dlwait","timestamp":"2025-10-31 14:22:53"}
{"level":"debug","message":"[getUserOrganizationMemberships] ✅ Using cached memberships for userId: user_01K8WJG016RNBNKRBJMTGM9EKC (1 memberships)","service":"dlwait","timestamp":"2025-10-31 14:22:53"}
{"level":"debug","message":"[isAdmin] Checking WorkOS admin organization for user: user_01K8WJG016RNBNKRBJMTGM9EKC","service":"dlwait","timestamp":"2025-10-31 14:22:53"}
{"level":"debug","message":"[isUserInAdminOrganization] Checking admin status for user user_01K8WJG016RNBNKRBJMTGM9EKC","service":"dlwait","timestamp":"2025-10-31 14:22:53"}
{"level":"debug","message":"[isUserInAdminOrganization] Looking for organization name: \"admin\" (case-insensitive)","service":"dlwait","timestamp":"2025-10-31 14:22:53"}
{"level":"debug","message":"[getUserOrganizationMemberships] ✅ Using cached memberships for userId: user_01K8WJG016RNBNKRBJMTGM9EKC (1 memberships)","service":"dlwait","timestamp":"2025-10-31 14:22:53"}
{"0":"CDLE (role: admin)","level":"debug","message":"[isUserInAdminOrganization] Found 1 organization memberships:","service":"dlwait","timestamp":"2025-10-31 14:22:53"}
{"level":"debug","message":"[isUserInAdminOrganization] ✅ User has admin role/team in organization \"CDLE\"","service":"dlwait","timestamp":"2025-10-31 14:22:53"}
{"level":"debug","message":"[isAdmin] ✅ User user_01K8WJG016RNBNKRBJMTGM9EKC is admin via WorkOS organization","service":"dlwait","timestamp":"2025-10-31 14:22:53"}
{"level":"debug","message":"[isAdmin] Checking WorkOS admin organization for user: user_01K8WJG016RNBNKRBJMTGM9EKC","service":"dlwait","timestamp":"2025-10-31 14:22:54"}
{"level":"debug","message":"[isUserInAdminOrganization] Checking admin status for user user_01K8WJG016RNBNKRBJMTGM9EKC","service":"dlwait","timestamp":"2025-10-31 14:22:54"}
{"level":"debug","message":"[isUserInAdminOrganization] Looking for organization name: \"admin\" (case-insensitive)","service":"dlwait","timestamp":"2025-10-31 14:22:54"}
{"level":"debug","message":"[getUserOrganizationMemberships] ✅ Using cached memberships for userId: user_01K8WJG016RNBNKRBJMTGM9EKC (1 memberships)","service":"dlwait","timestamp":"2025-10-31 14:22:54"}
{"0":"CDLE (role: admin)","level":"debug","message":"[isUserInAdminOrganization] Found 1 organization memberships:","service":"dlwait","timestamp":"2025-10-31 14:22:54"}
{"level":"debug","message":"[isUserInAdminOrganization] ✅ User has admin role/team in organization \"CDLE\"","service":"dlwait","timestamp":"2025-10-31 14:22:54"}
{"level":"debug","message":"[isAdmin] ✅ User user_01K8WJG016RNBNKRBJMTGM9EKC is admin via WorkOS organization","service":"dlwait","timestamp":"2025-10-31 14:22:54"}
{"level":"debug","message":"[isAdmin] Checking WorkOS admin organization for user: user_01K8WJG016RNBNKRBJMTGM9EKC","service":"dlwait","timestamp":"2025-10-31 14:22:54"}
{"level":"debug","message":"[isUserInAdminOrganization] Checking admin status for user user_01K8WJG016RNBNKRBJMTGM9EKC","service":"dlwait","timestamp":"2025-10-31 14:22:54"}
{"level":"debug","message":"[isUserInAdminOrganization] Looking for organization name: \"admin\" (case-insensitive)","service":"dlwait","timestamp":"2025-10-31 14:22:54"}
{"level":"debug","message":"[getUserOrganizationMemberships] ✅ Using cached memberships for userId: user_01K8WJG016RNBNKRBJMTGM9EKC (1 memberships)","service":"dlwait","timestamp":"2025-10-31 14:22:54"}
{"0":"CDLE (role: admin)","level":"debug","message":"[isUserInAdminOrganization] Found 1 organization memberships:","service":"dlwait","timestamp":"2025-10-31 14:22:54"}
{"level":"debug","message":"[isUserInAdminOrganization] ✅ User has admin role/team in organization \"CDLE\"","service":"dlwait","timestamp":"2025-10-31 14:22:54"}
{"level":"debug","message":"[isAdmin] ✅ User user_01K8WJG016RNBNKRBJMTGM9EKC is admin via WorkOS organization","service":"dlwait","timestamp":"2025-10-31 14:22:54"}
{"level":"debug","message":"[getUserOrganizationMemberships] ✅ Using cached memberships for userId: user_01K8WJG016RNBNKRBJMTGM9EKC (1 memberships)","service":"dlwait","timestamp":"2025-10-31 14:22:54"}
